Bumpint AMosaic_rev.h because of change in htmlgad.h htmlgad.h
Bumpint AMosaic_rev.h because of change in TO_HTML.c
Bumpint AMosaic_rev.h because of change in main.c
Bumpint AMosaic_rev.h because of change in main.c
Bumpint AMosaic_rev.h because of change in Mosaic.h gui.c main.c /libwww2/www.lib
Bumpint AMosaic_rev.h because of change in HTMLamiga.c
Bumpint AMosaic_rev.h because of change in HTMLamiga.c
Bumpint AMosaic_rev.h because of change in main.c
Bumpint AMosaic_rev.h because of change in mui.c main.c
Bumpint AMosaic_rev.h because of change in main.c
Bumpint AMosaic_rev.h because of change in main.c
Bumpint AMosaic_rev.h because of change in main.c
Bumpint AMosaic_rev.h because of change in main.c
Bumpint AMosaic_rev.h because of change in main.c
Bumpint AMosaic_rev.h because of change in main.c
Bumpint AMosaic_rev.h because of change in /libwww2/www.lib
Bumpint AMosaic_rev.h because of change in HTMLamiga.c
Bumpint AMosaic_rev.h because of change in HTMLamiga.c
Bumpint AMosaic_rev.h because of change in HTMLamiga.c
Bumpint AMosaic_rev.h because of change in HTMLamiga.c
Bumpint AMosaic_rev.h because of change in HTMLamiga.c
Bumpint AMosaic_rev.h because of change in HTMLamiga.c
Bumpint AMosaic_rev.h because of change in HTMLamiga.c
Bumpint AMosaic_rev.h because of change in HTMLamiga.c
Bumpint AMosaic_rev.h because of change in HTMLamiga.c
Bumpint AMosaic_rev.h because of change in HTMLamiga.c
Bumpint AMosaic_rev.h because of change in HTMLamiga.c
Bumpint AMosaic_rev.h because of change in HTMLamiga.c
Bumpint AMosaic_rev.h because of change in HTMLamiga.c
Bumpint AMosaic_rev.h because of change in HTMLamiga.c
Bumpint AMosaic_rev.h because of change in HTMLamiga.c
Bumpint AMosaic_rev.h because of change in HTMLamiga.c
Bumpint AMosaic_rev.h because of change in HTMLamiga.c
Bumpint AMosaic_rev.h because of change in HTMLamiga.c
Bumpint AMosaic_rev.h because of change in HTMLamiga.c
Bumpint AMosaic_rev.h because of change in HTMLamiga.c
Bumpint AMosaic_rev.h because of change in HTMLamiga.c
Bumpint AMosaic_rev.h because of change in gui-documents.c gui-dialogs.c main.c HTML_img.c
Bumpint AMosaic_rev.h because of change in gui-documents.c main.c rexx.c HTMLamiga.c TO_HTML.c
Bumpint AMosaic_rev.h because of change in HTMLamiga.c TO_HTML.c
Bumpint AMosaic_rev.h because of change in TO_HTML.c
Bumpint AMosaic_rev.h because of change in TO_HTML.c
Bumpint AMosaic_rev.h because of change in gui-documents.c gui-dialogs.c rexx.c TO_HTML.c
Bumpint AMosaic_rev.h because of change in HTMLamiga.c
Bumpint AMosaic_rev.h because of change in mui.c
Bumpint AMosaic_rev.h because of change in mui.c HTMLamiga.c
Bumpint AMosaic_rev.h because of change in mui.c
Bumpint AMosaic_rev.h because of change in mui.c
Bumpint AMosaic_rev.h because of change in mui.c
Bumpint AMosaic_rev.h because of change in mui.c
Bumpint AMosaic_rev.h because of change in HTMLamiga.c
Bumpint AMosaic_rev.h because of change in mui.c
Bumpint AMosaic_rev.h because of change in mui.c
Bumpint AMosaic_rev.h because of change in mui.c main.c HTMLamiga.c
Bumpint AMosaic_rev.h because of change in HTMLamiga.c
Bumpint AMosaic_rev.h because of change in mui.c HTMLamiga.c
Bumpint AMosaic_rev.h because of change in mui.c
Bumpint AMosaic_rev.h because of change in HTMLamiga.c
Bumpint AMosaic_rev.h because of change in HTMLamiga.c
Bumpint AMosaic_rev.h because of change in HTMLamiga.c
Bumpint AMosaic_rev.h because of change in mui.c HTMLamiga.c
Bumpint AMosaic_rev.h because of change in globals.c mui.c
Bumpint AMosaic_rev.h because of change in globals.h
Bumpint AMosaic_rev.h because of change in protos.h
Bumpint AMosaic_rev.h because of change in HTMLamiga.c
Bumpint AMosaic_rev.h because of change in mui.c HTMLamiga.c
Bumpint AMosaic_rev.h because of change in HTMLamiga.c
Bumpint AMosaic_rev.h because of change in HTMLamiga.c
Bumpint AMosaic_rev.h because of change in HTMLamiga.c
Bumpint AMosaic_rev.h because of change in HTMLamiga.c
Bumpint AMosaic_rev.h because of change in HTMLamiga.c
Bumpint AMosaic_rev.h because of change in HTMLamiga.c
Bumpint AMosaic_rev.h because of change in HTMLamiga.c
Bumpint AMosaic_rev.h because of change in main.c
Bumpint AMosaic_rev.h because of change in main.c
Bumpint AMosaic_rev.h because of change in main.c
Bumpint AMosaic_rev.h because of change in main.c
Bumpint AMosaic_rev.h because of change in globals.c gui-documents.c HTML.c
Bumpint AMosaic_rev.h because of change in globals.h globals.c mui.c main.c
Bumpint AMosaic_rev.h because of change in mui.c main.c
Bumpint AMosaic_rev.h because of change in HTML.c
Bumpint AMosaic_rev.h because of change in HTML.c
Bumpint AMosaic_rev.h because of change in HTML.c
Bumpint AMosaic_rev.h because of change in HTML.c
Bumpint AMosaic_rev.h because of change in HTML.c
Bumpint AMosaic_rev.h because of change in HTMLamiga.c HTML.c HTMLP.h
Bumpint AMosaic_rev.h because of change in HTMLamiga.c HTML.h
Bumpint AMosaic_rev.h because of change in HTML.h
Bumpint AMosaic_rev.h because of change in HTML.h
Bumpint AMosaic_rev.h because of change in HTMLamiga.c
Bumpint AMosaic_rev.h because of change in HTMLamiga.c
Bumpint AMosaic_rev.h because of change in globalhist.c HTML.h
Bumpint AMosaic_rev.h because of change in HTMLformat.c
Bumpint AMosaic_rev.h because of change in HTML.c
Bumpint AMosaic_rev.h because of change in HTMLamiga.c HTML.c
Bumpint AMosaic_rev.h because of change in HTMLamiga.c
Bumpint AMosaic_rev.h because of change in HTMLamiga.c
Bumpint AMosaic_rev.h because of change in HTMLamiga.c
Bumpint AMosaic_rev.h because of change in HTMLamiga.c
Bumpint AMosaic_rev.h because of change in HTML.c
Bumpint AMosaic_rev.h because of change in HTML.c
Bumpint AMosaic_rev.h because of change in HTML.c
Bumpint AMosaic_rev.h because of change in HTML.c
Bumpint AMosaic_rev.h because of change in HTMLamiga.c
Bumpint AMosaic_rev.h because of change in HTMLamiga.c HTML.c
Bumpint AMosaic_rev.h because of change in HTML.c
Bumpint AMosaic_rev.h because of change in mui.c HTMLamiga.c
Bumpint AMosaic_rev.h because of change in HTMLamiga.c
Bumpint AMosaic_rev.h because of change in HTML.c
Bumpint AMosaic_rev.h because of change in HTML.c
Bumpint AMosaic_rev.h because of change in HTMLamiga.c
Bumpint AMosaic_rev.h because of change in HTMLamiga.c
Bumpint AMosaic_rev.h because of change in HTMLamiga.c
Bumpint AMosaic_rev.h because of change in HTMLamiga.c
Bumpint AMosaic_rev.h because of change in HTMLamiga.c HTMLP.h
Bumpint AMosaic_rev.h because of change in HTMLP.h
Bumpint AMosaic_rev.h because of change in HTMLamiga.c
Bumpint AMosaic_rev.h because of change in HTMLamiga.c
Bumpint AMosaic_rev.h because of change in HTMLamiga.c
Bumpint AMosaic_rev.h because of change in HTMLamiga.c
Bumpint AMosaic_rev.h because of change in HTMLamiga.c
Bumpint AMosaic_rev.h because of change in mui.c
Bumpint AMosaic_rev.h because of change in mui.c
Bumpint AMosaic_rev.h because of change in mui.c
Bumpint AMosaic_rev.h because of change in globals.h globals.c main.c
Bumpint AMosaic_rev.h because of change in main.c
Bumpint AMosaic_rev.h because of change in mui.c
Bumpint AMosaic_rev.h because of change in HTMLamiga.c
Bumpint AMosaic_rev.h because of change in HTMLamiga.c
Bumpint AMosaic_rev.h because of change in main.c HTMLamiga.c HTMLP.h
Bumpint AMosaic_rev.h because of change in globals.h globals.c mui.c HTMLamiga.c
Bumpint AMosaic_rev.h because of change in globals.c
Bumpint AMosaic_rev.h because of change in HTMLamiga.c
Bumpint AMosaic_rev.h because of change in globals.h
Bumpint AMosaic_rev.h because of change in HTMLamiga.c
Bumpint AMosaic_rev.h because of change in HTMLamiga.c
Bumpint AMosaic_rev.h because of change in HTMLamiga.c
Bumpint AMosaic_rev.h because of change in HTMLamiga.c
Bumpint AMosaic_rev.h because of change in HTMLamiga.c
Bumpint AMosaic_rev.h because of change in HTMLamiga.c
Bumpint AMosaic_rev.h because of change in HTMLamiga.c
Bumpint AMosaic_rev.h because of change in HTMLamiga.c
Bumpint AMosaic_rev.h because of change in HTMLamiga.c
Bumpint AMosaic_rev.h because of change in HTMLamiga.c
Bumpint AMosaic_rev.h because of change in HTMLamiga.c
Bumpint AMosaic_rev.h because of change in HTMLamiga.c
Bumpint AMosaic_rev.h because of change in HTMLamiga.c
Bumpint AMosaic_rev.h because of change in HTMLamiga.c
Bumpint AMosaic_rev.h because of change in HTMLamiga.c
Bumpint AMosaic_rev.h because of change in HTMLamiga.c
Bumpint AMosaic_rev.h because of change in HTMLamiga.c
Bumpint AMosaic_rev.h because of change in HTMLamiga.c
Bumpint AMosaic_rev.h because of change in HTMLamiga.c
Bumpint AMosaic_rev.h because of change in HTMLamiga.c
Bumpint AMosaic_rev.h because of change in HTMLamiga.c
Bumpint AMosaic_rev.h because of change in HTMLamiga.c
Bumpint AMosaic_rev.h because of change in HTMLamiga.c
Bumpint AMosaic_rev.h because of change in HTMLamiga.c
Bumpint AMosaic_rev.h because of change in HTMLamiga.c
Bumpint AMosaic_rev.h because of change in HTMLamiga.c
Bumpint AMosaic_rev.h because of change in HTMLamiga.c
Bumpint AMosaic_rev.h because of change in mui.c HTMLamiga.c HTMLformat.c HTML.c
Bumpint AMosaic_rev.h because of change in HTMLamiga.c HTMLformat.c
Bumpint AMosaic_rev.h because of change in HTMLformat.c
Bumpint AMosaic_rev.h because of change in HTML.h
Bumpint AMosaic_rev.h because of change in HTMLformat.c
Bumpint AMosaic_rev.h because of change in HTMLformat.c
Bumpint AMosaic_rev.h because of change in HTMLformat.c
Bumpint AMosaic_rev.h because of change in HTMLamiga.c HTMLformat.c
Bumpint AMosaic_rev.h because of change in HTMLformat.c
Bumpint AMosaic_rev.h because of change in HTMLformat.c
Bumpint AMosaic_rev.h because of change in HTMLamiga.c
Bumpint AMosaic_rev.h because of change in HTMLamiga.c
Bumpint AMosaic_rev.h because of change in HTMLformat.c
Bumpint AMosaic_rev.h because of change in HTMLamiga.c
Bumpint AMosaic_rev.h because of change in HTMLamiga.c
Bumpint AMosaic_rev.h because of change in HTMLamiga.c
Bumpint AMosaic_rev.h because of change in HTMLamiga.c
Bumpint AMosaic_rev.h because of change in HTMLamiga.c
Bumpint AMosaic_rev.h because of change in HTMLamiga.c
Bumpint AMosaic_rev.h because of change in HTMLamiga.c
Bumpint AMosaic_rev.h because of change in HTMLamiga.c
Bumpint AMosaic_rev.h because of change in HTMLamiga.c
Bumpint AMosaic_rev.h because of change in HTMLamiga.c
Bumpint AMosaic_rev.h because of change in HTMLamiga.c
Bumpint AMosaic_rev.h because of change in HTMLamiga.c
Bumpint AMosaic_rev.h because of change in mui.c HTMLamiga.c HTML.h
Bumpint AMosaic_rev.h because of change in HTMLamiga.c
Bumpint AMosaic_rev.h because of change in protos.h HTMLamiga.c
Bumpint AMosaic_rev.h because of change in protos.h HTMLamiga.c
Bumpint AMosaic_rev.h because of change in HTMLamiga.c
Bumpint AMosaic_rev.h because of change in HTMLamiga.c
Bumpint AMosaic_rev.h because of change in HTMLamiga.c
Bumpint AMosaic_rev.h because of change in HTMLamiga.c
Bumpint AMosaic_rev.h because of change in HTMLamiga.c
Bumpint AMosaic_rev.h because of change in HTMLamiga.c
Bumpint AMosaic_rev.h because of change in HTMLamiga.c
Bumpint AMosaic_rev.h because of change in HTMLamiga.c
Bumpint AMosaic_rev.h because of change in HTMLamiga.c
Bumpint AMosaic_rev.h because of change in HTMLamiga.c
Bumpint AMosaic_rev.h because of change in HTMLamiga.c
Bumpint AMosaic_rev.h because of change in HTMLamiga.c
Bumpint AMosaic_rev.h because of change in HTMLamiga.c
Bumpint AMosaic_rev.h because of change in HTMLamiga.c
Bumpint AMosaic_rev.h because of change in HTMLamiga.c TO_HTML.c
Bumpint AMosaic_rev.h because of change in TO_HTML.c
Bumpint AMosaic_rev.h because of change in main.c HTMLamiga.c TO_HTML.c
Bumpint AMosaic_rev.h because of change in main.c
Bumpint AMosaic_rev.h because of change in TO_HTML.c
Bumpint AMosaic_rev.h because of change in HTMLamiga.c
Bumpint AMosaic_rev.h because of change in HTMLamiga.c
Bumpint AMosaic_rev.h because of change in HTMLamiga.c
Bumpint AMosaic_rev.h because of change in HTMLamiga.c
Bumpint AMosaic_rev.h because of change in HTMLamiga.c
Bumpint AMosaic_rev.h because of change in mui.c HTMLamiga.c
Bumpint AMosaic_rev.h because of change in HTMLamiga.c
Bumpint AMosaic_rev.h because of change in HTMLamiga.c
Bumpint AMosaic_rev.h because of change in HTMLamiga.c
Bumpint AMosaic_rev.h because of change in HTMLamiga.c
Bumpint AMosaic_rev.h because of change in HTMLamiga.c
Bumpint AMosaic_rev.h because of change in HTMLamiga.c
Bumpint AMosaic_rev.h because of change in HTMLamiga.c
Bumpint AMosaic_rev.h because of change in HTMLamiga.c
Bumpint AMosaic_rev.h because of change in HTMLamiga.c
Bumpint AMosaic_rev.h because of change in HTMLamiga.c
Bumpint AMosaic_rev.h because of change in HTMLamiga.c
Bumpint AMosaic_rev.h because of change in HTMLamiga.c
Bumpint AMosaic_rev.h because of change in mui.c main.c
Bumpint AMosaic_rev.h because of change in main.c HTMLamiga.c
Bumpint AMosaic_rev.h because of change in main.c HTMLamiga.c
Bumpint AMosaic_rev.h because of change in main.c
Bumpint AMosaic_rev.h because of change in HTMLamiga.c
Bumpint AMosaic_rev.h because of change in htmlgad.h globals.c mui.c HTMLamiga.c htmlgad.h HTMLP.h
Bumpint AMosaic_rev.h because of change in globals.h globals.c
Bumpint AMosaic_rev.h because of change in HTMLamiga.c
Bumpint AMosaic_rev.h because of change in htmlgad.h HTMLamiga.c htmlgad.h
Bumpint AMosaic_rev.h because of change in htmlgad.h main.c HTMLamiga.c htmlgad.h
Bumpint AMosaic_rev.h because of change in main.c
Bumpint AMosaic_rev.h because of change in HTMLamiga.c
Bumpint AMosaic_rev.h because of change in HTMLamiga.c
Bumpint AMosaic_rev.h because of change in globals.c HTMLamiga.c
Bumpint AMosaic_rev.h because of change in HTMLamiga.c
Bumpint AMosaic_rev.h because of change in mui.c
Bumpint AMosaic_rev.h because of change in mui.c
Bumpint AMosaic_rev.h because of change in mui.c
Bumpint AMosaic_rev.h because of change in mui.c
Bumpint AMosaic_rev.h because of change in gui-documents.c
Bumpint AMosaic_rev.h because of change in mui.c gui-documents.c
Bumpint AMosaic_rev.h because of change in gui-documents.c
Bumpint AMosaic_rev.h because of change in mui.c
Bumpint AMosaic_rev.h because of change in mui.c
Bumpint AMosaic_rev.h because of change in gui.h mui.c main.c
Bumpint AMosaic_rev.h because of change in mui.c
Bumpint AMosaic_rev.h because of change in mui.c
Bumpint AMosaic_rev.h because of change in main.c
Bumpint AMosaic_rev.h because of change in mui.c
Bumpint AMosaic_rev.h because of change in gui-dialogs.c
Bumpint AMosaic_rev.h because of change in gui-dialogs.c
Bumpint AMosaic_rev.h because of change in rexx.c
Bumpint AMosaic_rev.h because of change in gui.c
Bumpint AMosaic_rev.h because of change in gui.c
Bumpint AMosaic_rev.h because of change in mui.c HTMLamiga.c
Bumpint AMosaic_rev.h because of change in gui-documents.c HTMLamiga.c
Bumpint AMosaic_rev.h because of change in HTMLamiga.c
Bumpint AMosaic_rev.h because of change in HTMLamiga.c
Bumpint AMosaic_rev.h because of change in HTMLamiga.c
Bumpint AMosaic_rev.h because of change in HTMLamiga.c
Bumpint AMosaic_rev.h because of change in HTMLamiga.c
Bumpint AMosaic_rev.h because of change in HTMLamiga.c
Bumpint AMosaic_rev.h because of change in HTMLamiga.c
Bumpint AMosaic_rev.h because of change in HTMLamiga.c
Bumpint AMosaic_rev.h because of change in main.c
Bumpint AMosaic_rev.h because of change in globals.h globals.c
Bumpint AMosaic_rev.h because of change in globals.h globals.c main.c
Bumpint AMosaic_rev.h because of change in HTMLamiga.c
Bumpint AMosaic_rev.h because of change in HTMLamiga.c
Bumpint AMosaic_rev.h because of change in HTMLamiga.c
Bumpint AMosaic_rev.h because of change in HTMLamiga.c
Bumpint AMosaic_rev.h because of change in globals.h globals.c mui.c HTMLamiga.c
Bumpint AMosaic_rev.h because of change in protos.h mui.c HTMLamiga.c HTMLP.h
Bumpint AMosaic_rev.h because of change in HTMLamiga.c
Bumpint AMosaic_rev.h because of change in HTMLamiga.c
Bumpint AMosaic_rev.h because of change in HTMLamiga.c
Bumpint AMosaic_rev.h because of change in HTMLamiga.c
Bumpint AMosaic_rev.h because of change in mui.c
Bumpint AMosaic_rev.h because of change in HTMLamiga.c
Bumpint AMosaic_rev.h because of change in HTMLamiga.c
Bumpint AMosaic_rev.h because of change in mui.c HTMLamiga.c
Bumpint AMosaic_rev.h because of change in HTMLamiga.c
Bumpint AMosaic_rev.h because of change in HTMLamiga.c
Bumpint AMosaic_rev.h because of change in HTMLamiga.c
Bumpint AMosaic_rev.h because of change in HTMLamiga.c
Bumpint AMosaic_rev.h because of change in mui.c HTMLamiga.c
Bumpint AMosaic_rev.h because of change in HTMLamiga.c
Bumpint AMosaic_rev.h because of change in HTMLamiga.c
Bumpint AMosaic_rev.h because of change in HTMLamiga.c
Bumpint AMosaic_rev.h because of change in HTMLamiga.c
Bumpint AMosaic_rev.h because of change in HTMLamiga.c
Bumpint AMosaic_rev.h because of change in HTMLamiga.c
Bumpint AMosaic_rev.h because of change in HTMLamiga.c
Bumpint AMosaic_rev.h because of change in HTMLamiga.c
Bumpint AMosaic_rev.h because of change in HTMLamiga.c
Bumpint AMosaic_rev.h because of change in HTMLamiga.c
Bumpint AMosaic_rev.h because of change in HTMLamiga.c
Bumpint AMosaic_rev.h because of change in HTMLamiga.c
Bumpint AMosaic_rev.h because of change in HTMLamiga.c
Bumpint AMosaic_rev.h because of change in HTMLamiga.c
Bumpint AMosaic_rev.h because of change in HTMLamiga.c
Bumpint AMosaic_rev.h because of change in HTMLamiga.c
Bumpint AMosaic_rev.h because of change in mui.c HTMLamiga.c
Bumpint AMosaic_rev.h because of change in mui.c
Bumpint AMosaic_rev.h because of change in mui.c
Bumpint AMosaic_rev.h because of change in HTMLamiga.c
Bumpint AMosaic_rev.h because of change in mui.c
Bumpint AMosaic_rev.h because of change in mui.c HTMLamiga.c
Bumpint AMosaic_rev.h because of change in HTMLamiga.c
Bumpint AMosaic_rev.h because of change in HTMLamiga.c
Bumpint AMosaic_rev.h because of change in HTMLamiga.c
Bumpint AMosaic_rev.h because of change in HTMLamiga.c
Bumpint AMosaic_rev.h because of change in HTMLamiga.c
Bumpint AMosaic_rev.h because of change in HTMLamiga.c
Bumpint AMosaic_rev.h because of change in HTMLamiga.c
Bumpint AMosaic_rev.h because of change in HTMLamiga.c
Bumpint AMosaic_rev.h because of change in HTMLamiga.c
Bumpint AMosaic_rev.h because of change in HTMLamiga.c
Bumpint AMosaic_rev.h because of change in HTMLamiga.c HTML.c
Bumpint AMosaic_rev.h because of change in HTMLamiga.c
Bumpint AMosaic_rev.h because of change in HTMLamiga.c
Bumpint AMosaic_rev.h because of change in HTMLamiga.c
Bumpint AMosaic_rev.h because of change in HTMLamiga.c
Bumpint AMosaic_rev.h because of change in HTMLamiga.c
Bumpint AMosaic_rev.h because of change in HTMLamiga.c
Bumpint AMosaic_rev.h because of change in HTMLamiga.c
Bumpint AMosaic_rev.h because of change in HTMLamiga.c
Bumpint AMosaic_rev.h because of change in mui.c HTMLamiga.c
Bumpint AMosaic_rev.h because of change in mui.c
Bumpint AMosaic_rev.h because of change in HTMLamiga.c
Bumpint AMosaic_rev.h because of change in globals.h includes.h globals.c mui.c HTMLamiga.c
Bumpint AMosaic_rev.h because of change in HTMLamiga.c HTML.c
Bumpint AMosaic_rev.h because of change in HTMLamiga.c HTMLP.h
Bumpint AMosaic_rev.h because of change in HTMLamiga.c
Bumpint AMosaic_rev.h because of change in includes.h htmlgad.h HTMLamiga.c htmlgad.h
Bumpint AMosaic_rev.h because of change in HTMLamiga.c
Bumpint AMosaic_rev.h because of change in mui.c HTMLamiga.c
Bumpint AMosaic_rev.h because of change in mui.c
Bumpint AMosaic_rev.h because of change in mui.c
Bumpint AMosaic_rev.h because of change in HTMLamiga.c
Bumpint AMosaic_rev.h because of change in mui.c HTMLamiga.c
Bumpint AMosaic_rev.h because of change in mui.c
Bumpint AMosaic_rev.h because of change in HTMLamiga.c
Bumpint AMosaic_rev.h because of change in HTMLamiga.c
Bumpint AMosaic_rev.h because of change in HTMLamiga.c
Bumpint AMosaic_rev.h because of change in HTMLamiga.c
Bumpint AMosaic_rev.h because of change in HTMLamiga.c
Bumpint AMosaic_rev.h because of change in mui.c HTMLamiga.c
Bumpint AMosaic_rev.h because of change in mui.c
Bumpint AMosaic_rev.h because of change in HTML.c
Bumpint AMosaic_rev.h because of change in HTMLamiga.c
Bumpint AMosaic_rev.h because of change in mui.c HTMLamiga.c
Bumpint AMosaic_rev.h because of change in HTMLamiga.c
Bumpint AMosaic_rev.h because of change in HTMLamiga.c
Bumpint AMosaic_rev.h because of change in HTMLamiga.c
Bumpint AMosaic_rev.h because of change in HTMLamiga.c
Bumpint AMosaic_rev.h because of change in HTMLamiga.c
Bumpint AMosaic_rev.h because of change in HTMLamiga.c
Bumpint AMosaic_rev.h because of change in HTMLamiga.c
Bumpint AMosaic_rev.h because of change in HTMLamiga.c
Bumpint AMosaic_rev.h because of change in HTMLamiga.c
Bumpint AMosaic_rev.h because of change in HTMLamiga.c
Bumpint AMosaic_rev.h because of change in HTMLamiga.c
Bumpint AMosaic_rev.h because of change in HTMLamiga.c
Bumpint AMosaic_rev.h because of change in HTMLamiga.c HTMLP.h
Bumpint AMosaic_rev.h because of change in HTMLamiga.c
Bumpint AMosaic_rev.h because of change in globals.h htmlgad.h globals.c mui.c HTMLamiga.c HTML.c htmlgad.h
Bumpint AMosaic_rev.h because of change in HTMLamiga.c
Bumpint AMosaic_rev.h because of change in HTMLamiga.c
Bumpint AMosaic_rev.h because of change in HTMLamiga.c
Bumpint AMosaic_rev.h because of change in HTMLamiga.c
Bumpint AMosaic_rev.h because of change in HTMLamiga.c HTML.c
Bumpint AMosaic_rev.h because of change in protos.h HTMLamiga.c
Bumpint AMosaic_rev.h because of change in HTMLamiga.c
Bumpint AMosaic_rev.h because of change in HTMLamiga.c
Bumpint AMosaic_rev.h because of change in HTMLamiga.c
Bumpint AMosaic_rev.h because of change in HTMLamiga.c HTMLP.h
Bumpint AMosaic_rev.h because of change in HTMLamiga.c
Bumpint AMosaic_rev.h because of change in HTMLamiga.c
Bumpint AMosaic_rev.h because of change in HTMLamiga.c
Bumpint AMosaic_rev.h because of change in HTMLamiga.c
Bumpint AMosaic_rev.h because of change in HTMLamiga.c HTMLformat.c
Bumpint AMosaic_rev.h because of change in HTMLamiga.c
Bumpint AMosaic_rev.h because of change in HTMLamiga.c
Bumpint AMosaic_rev.h because of change in HTMLamiga.c
Bumpint AMosaic_rev.h because of change in HTMLamiga.c HTMLP.h
Bumpint AMosaic_rev.h because of change in HTMLamiga.c
Bumpint AMosaic_rev.h because of change in HTMLamiga.c
Bumpint AMosaic_rev.h because of change in HTMLP.h
Bumpint AMosaic_rev.h because of change in HTMLamiga.c
Bumpint AMosaic_rev.h because of change in HTMLamiga.c
Bumpint AMosaic_rev.h because of change in HTMLamiga.c
Bumpint AMosaic_rev.h because of change in HTMLamiga.c
Bumpint AMosaic_rev.h because of change in HTMLamiga.c
Bumpint AMosaic_rev.h because of change in HTMLamiga.c
Bumpint AMosaic_rev.h because of change in HTMLamiga.c
Bumpint AMosaic_rev.h because of change in HTMLamiga.c
Bumpint AMosaic_rev.h because of change in HTMLamiga.c
Bumpint AMosaic_rev.h because of change in history.c gui-documents.c HTMLamiga.c
Bumpint AMosaic_rev.h because of change in protos.h
Bumpint AMosaic_rev.h because of change in htmlgad.h gui-documents.c HTMLamiga.c htmlgad.h
Bumpint AMosaic_rev.h because of change in gui-documents.c
Bumpint AMosaic_rev.h because of change in HTMLamiga.c
Bumpint AMosaic_rev.h because of change in history.c main.c
Bumpint AMosaic_rev.h because of change in history.c
Bumpint AMosaic_rev.h because of change in main.c
Bumpint AMosaic_rev.h because of change in TO_HTML.c
Bumpint AMosaic_rev.h because of change in main.c
Bumpint AMosaic_rev.h because of change in protos.h main.c
Bumpint AMosaic_rev.h because of change in Mosaic.h main.c HTMLP.h
Bumpint AMosaic_rev.h because of change in mui.c
Bumpint AMosaic_rev.h because of change in mui.c
Bumpint AMosaic_rev.h because of change in mui.c
Bumpint AMosaic_rev.h because of change in mui.c
Bumpint AMosaic_rev.h because of change in mui.c
Bumpint AMosaic_rev.h because of change in Mosaic.h
Bumpint AMosaic_rev.h because of change in Mosaic.h HTML.h HTMLP.h
Bumpint AMosaic_rev.h because of change in fonts.c
Bumpint AMosaic_rev.h because of change in history.c
Bumpint AMosaic_rev.h because of change in gui-documents.c
Bumpint AMosaic_rev.h because of change in globalhist.c
Bumpint AMosaic_rev.h because of change in gui.c
Bumpint AMosaic_rev.h because of change in gui-dialogs.c HTML_img.c HTMLamiga.c
Bumpint AMosaic_rev.h because of change in main.c
Bumpint AMosaic_rev.h because of change in picread.c
Bumpint AMosaic_rev.h because of change in HTML_img.c
Bumpint AMosaic_rev.h because of change in picread.c
Bumpint AMosaic_rev.h because of change in picread.c
Bumpint AMosaic_rev.h because of change in picread.c
Bumpint AMosaic_rev.h because of change in picread.c
Bumpint AMosaic_rev.h because of change in picread.c
Bumpint AMosaic_rev.h because of change in rexx.c
Bumpint AMosaic_rev.h because of change in spinner.c
Bumpint AMosaic_rev.h because of change in protos.h gui-documents.c gui-dialogs.c HTML.c TO_HTML.c
Bumpint AMosaic_rev.h because of change in gui-dialogs.c TO_HTML.c HTML.h
Bumpint AMosaic_rev.h because of change in HTML.h
Bumpint AMosaic_rev.h because of change in HTML.h
Bumpint AMosaic_rev.h because of change in HTML.h
Bumpint AMosaic_rev.h because of change in protos.h
Bumpint AMosaic_rev.h because of change in TO_HTML.c
Bumpint AMosaic_rev.h because of change in protos.h
Bumpint AMosaic_rev.h because of change in HTMLP.h
Bumpint AMosaic_rev.h because of change in protos.h HTML_img.c
Bumpint AMosaic_rev.h because of change in HTMLformat.c TO_HTML.c
Bumpint AMosaic_rev.h because of change in TO_HTML.c
Bumpint AMosaic_rev.h because of change in TO_HTML.c
Bumpint AMosaic_rev.h because of change in HTMLformat.c
Bumpint AMosaic_rev.h because of change in HTMLformat.c
Bumpint AMosaic_rev.h because of change in TO_HTML.c
Bumpint AMosaic_rev.h because of change in HTML.c HTML.h
Bumpint AMosaic_rev.h because of change in gui-documents.c
Bumpint AMosaic_rev.h because of change in HTMLamiga.c
Bumpint AMosaic_rev.h because of change in gui-documents.c HTML.c
Bumpint AMosaic_rev.h because of change in HTMLamiga.c HTML.c HTML.h
Bumpint AMosaic_rev.h because of change in HTMLamiga.c
Bumpint AMosaic_rev.h because of change in HTMLamiga.c HTML.h
Bumpint AMosaic_rev.h because of change in HTMLamiga.c
Bumpint AMosaic_rev.h because of change in HTMLamiga.c
Bumpint AMosaic_rev.h because of change in HTMLamiga.c HTML.h
Bumpint AMosaic_rev.h because of change in HTMLamiga.c
Bumpint AMosaic_rev.h because of change in HTMLamiga.c
Bumpint AMosaic_rev.h because of change in HTMLamiga.c
Bumpint AMosaic_rev.h because of change in HTMLamiga.c
Bumpint AMosaic_rev.h because of change in HTMLamiga.c
Bumpint AMosaic_rev.h because of change in HTMLamiga.c
Bumpint AMosaic_rev.h because of change in HTMLamiga.c
Bumpint AMosaic_rev.h because of change in HTMLamiga.c
Bumpint AMosaic_rev.h because of change in HTMLamiga.c HTML.h
Bumpint AMosaic_rev.h because of change in HTMLamiga.c HTMLformat.c HTML.h
Bumpint AMosaic_rev.h because of change in globals.h globals.c main.c HTMLamiga.c HTML.h
Bumpint AMosaic_rev.h because of change in HTMLamiga.c
Bumpint AMosaic_rev.h because of change in HTMLamiga.c
Bumpint AMosaic_rev.h because of change in HTMLamiga.c
Bumpint AMosaic_rev.h because of change in HTMLamiga.c
Bumpint AMosaic_rev.h because of change in HTMLamiga.c
Bumpint AMosaic_rev.h because of change in HTMLamiga.c TextEditField.c
Bumpint AMosaic_rev.h because of change in HTMLamiga.c
Bumpint AMosaic_rev.h because of change in HTMLamiga.c TO_HTML.c HTML.h
Bumpint AMosaic_rev.h because of change in HTMLamiga.c
Bumpint AMosaic_rev.h because of change in HTMLamiga.c
Bumpint AMosaic_rev.h because of change in HTMLamiga.c
Bumpint AMosaic_rev.h because of change in HTMLamiga.c
Bumpint AMosaic_rev.h because of change in HTMLamiga.c
Bumpint AMosaic_rev.h because of change in HTMLamiga.c
Bumpint AMosaic_rev.h because of change in HTMLamiga.c
Bumpint AMosaic_rev.h because of change in HTMLamiga.c
Bumpint AMosaic_rev.h because of change in HTMLamiga.c
Bumpint AMosaic_rev.h because of change in HTMLamiga.c
Bumpint AMosaic_rev.h because of change in HTMLamiga.c
Bumpint AMosaic_rev.h because of change in HTMLamiga.c
Bumpint AMosaic_rev.h because of change in HTMLamiga.c
Bumpint AMosaic_rev.h because of change in HTMLamiga.c
Bumpint AMosaic_rev.h because of change in HTMLamiga.c
Bumpint AMosaic_rev.h because of change in HTMLamiga.c
Bumpint AMosaic_rev.h because of change in HTMLamiga.c
Bumpint AMosaic_rev.h because of change in HTMLamiga.c
Bumpint AMosaic_rev.h because of change in HTMLamiga.c
Bumpint AMosaic_rev.h because of change in HTMLamiga.c
Bumpint AMosaic_rev.h because of change in HTMLamiga.c
Bumpint AMosaic_rev.h because of change in HTMLamiga.c
Bumpint AMosaic_rev.h because of change in HTMLamiga.c HTML.h
Bumpint AMosaic_rev.h because of change in HTMLamiga.c HTML.h
Bumpint AMosaic_rev.h because of change in HTMLamiga.c
Bumpint AMosaic_rev.h because of change in HTMLamiga.c
Bumpint AMosaic_rev.h because of change in HTMLamiga.c
Bumpint AMosaic_rev.h because of change in HTMLamiga.c
Bumpint AMosaic_rev.h because of change in HTMLamiga.c
Bumpint AMosaic_rev.h because of change in HTMLamiga.c
Bumpint AMosaic_rev.h because of change in HTMLamiga.c
Bumpint AMosaic_rev.h because of change in HTMLamiga.c
Bumpint AMosaic_rev.h because of change in HTMLamiga.c
Bumpint AMosaic_rev.h because of change in HTMLamiga.c
Bumpint AMosaic_rev.h because of change in HTMLamiga.c
Bumpint AMosaic_rev.h because of change in HTMLamiga.c
Bumpint AMosaic_rev.h because of change in HTMLamiga.c
Bumpint AMosaic_rev.h because of change in HTMLamiga.c
Bumpint AMosaic_rev.h because of change in HTMLamiga.c
Bumpint AMosaic_rev.h because of change in HTMLamiga.c
Bumpint AMosaic_rev.h because of change in HTMLamiga.c
Bumpint AMosaic_rev.h because of change in HTMLamiga.c
Bumpint AMosaic_rev.h because of change in HTMLamiga.c
Bumpint AMosaic_rev.h because of change in HTMLamiga.c
Bumpint AMosaic_rev.h because of change in HTMLamiga.c
Bumpint AMosaic_rev.h because of change in HTMLamiga.c
Bumpint AMosaic_rev.h because of change in HTMLamiga.c
Bumpint AMosaic_rev.h because of change in HTMLamiga.c
Bumpint AMosaic_rev.h because of change in HTMLamiga.c
Bumpint AMosaic_rev.h because of change in HTMLamiga.c
Bumpint AMosaic_rev.h because of change in HTMLamiga.c
Bumpint AMosaic_rev.h because of change in HTMLamiga.c
Bumpint AMosaic_rev.h because of change in HTMLamiga.c
Bumpint AMosaic_rev.h because of change in HTMLamiga.c
Bumpint AMosaic_rev.h because of change in HTMLamiga.c
Bumpint AMosaic_rev.h because of change in HTMLamiga.c HTMLformat.c
Bumpint AMosaic_rev.h because of change in HTML.h
Bumpint AMosaic_rev.h because of change in protos.h HTMLamiga.c
Bumpint AMosaic_rev.h because of change in HTMLamiga.c
Bumpint AMosaic_rev.h because of change in HTMLamiga.c
Bumpint AMosaic_rev.h because of change in HTMLamiga.c
Bumpint AMosaic_rev.h because of change in HTMLamiga.c
Bumpint AMosaic_rev.h because of change in HTMLamiga.c
Bumpint AMosaic_rev.h because of change in HTMLamiga.c
Bumpint AMosaic_rev.h because of change in HTMLamiga.c
Bumpint AMosaic_rev.h because of change in HTMLamiga.c
Bumpint AMosaic_rev.h because of change in HTMLamiga.c
Bumpint AMosaic_rev.h because of change in HTMLamiga.c
Bumpint AMosaic_rev.h because of change in HTMLamiga.c
Bumpint AMosaic_rev.h because of change in HTMLamiga.c
Bumpint AMosaic_rev.h because of change in HTMLamiga.c
Bumpint AMosaic_rev.h because of change in HTMLamiga.c
Bumpint AMosaic_rev.h because of change in HTMLamiga.c
Bumpint AMosaic_rev.h because of change in TextEditField.c
Bumpint AMosaic_rev.h because of change in HTMLamiga.c
Bumpint AMosaic_rev.h because of change in HTMLamiga.c
Bumpint AMosaic_rev.h because of change in HTMLamiga.c
Bumpint AMosaic_rev.h because of change in HTMLamiga.c
Bumpint AMosaic_rev.h because of change in HTMLamiga.c
Bumpint AMosaic_rev.h because of change in HTMLamiga.c
Bumpint AMosaic_rev.h because of change in HTMLamiga.c
Bumpint AMosaic_rev.h because of change in HTMLamiga.c
Bumpint AMosaic_rev.h because of change in includes.h HTMLamiga.c
Bumpint AMosaic_rev.h because of change in includes.h
Bumpint AMosaic_rev.h because of change in HTMLamiga.c
Bumpint AMosaic_rev.h because of change in HTMLamiga.c
Bumpint AMosaic_rev.h because of change in HTMLamiga.c
Bumpint AMosaic_rev.h because of change in globals.h globals.c mui.c HTMLamiga.c HTML.h
Bumpint AMosaic_rev.h because of change in HTMLP.h
Bumpint AMosaic_rev.h because of change in HTMLamiga.c
Bumpint AMosaic_rev.h because of change in HTMLamiga.c
Bumpint AMosaic_rev.h because of change in HTMLamiga.c
Bumpint AMosaic_rev.h because of change in HTML.c
Bumpint AMosaic_rev.h because of change in HTMLamiga.c
Bumpint AMosaic_rev.h because of change in HTMLamiga.c
Bumpint AMosaic_rev.h because of change in mui.c HTMLamiga.c
Bumpint AMosaic_rev.h because of change in HTMLamiga.c
Bumpint AMosaic_rev.h because of change in HTMLamiga.c
Bumpint AMosaic_rev.h because of change in main.c
Bumpint AMosaic_rev.h because of change in main.c
Bumpint AMosaic_rev.h because of change in mui.c main.c
Bumpint AMosaic_rev.h because of change in mui.c
Bumpint AMosaic_rev.h because of change in mui.c
Bumpint AMosaic_rev.h because of change in mui.c HTMLamiga.c
Bumpint AMosaic_rev.h because of change in mui.c
Bumpint AMosaic_rev.h because of change in mui.c
Bumpint AMosaic_rev.h because of change in HTMLamiga.c
Bumpint AMosaic_rev.h because of change in main.c
Bumpint AMosaic_rev.h because of change in HTMLamiga.c
Bumpint AMosaic_rev.h because of change in mui.c main.c
Bumpint AMosaic_rev.h because of change in mui.c
Bumpint AMosaic_rev.h because of change in HTMLamiga.c
Bumpint AMosaic_rev.h because of change in HTMLamiga.c
Bumpint AMosaic_rev.h because of change in HTMLamiga.c
Bumpint AMosaic_rev.h because of change in HTMLamiga.c
Bumpint AMosaic_rev.h because of change in main.c
Bumpint AMosaic_rev.h because of change in main.c HTMLamiga.c HTML.c
Bumpint AMosaic_rev.h because of change in HTMLamiga.c
Bumpint AMosaic_rev.h because of change in HTMLamiga.c
Bumpint AMosaic_rev.h because of change in HTMLamiga.c HTML.c
Bumpint AMosaic_rev.h because of change in mui.c
Bumpint AMosaic_rev.h because of change in mui.c
Bumpint AMosaic_rev.h because of change in HTMLamiga.c
Bumpint AMosaic_rev.h because of change in HTMLamiga.c
Bumpint AMosaic_rev.h because of change in HTMLamiga.c
Bumpint AMosaic_rev.h because of change in HTMLamiga.c
Bumpint AMosaic_rev.h because of change in HTMLamiga.c
Bumpint AMosaic_rev.h because of change in mui.c HTMLamiga.c
Bumpint AMosaic_rev.h because of change in HTMLamiga.c
Bumpint AMosaic_rev.h because of change in HTMLamiga.c
Bumpint AMosaic_rev.h because of change in HTMLamiga.c
Bumpint AMosaic_rev.h because of change in HTMLamiga.c
Bumpint AMosaic_rev.h because of change in mui.c
Bumpint AMosaic_rev.h because of change in HTMLamiga.c
Bumpint AMosaic_rev.h because of change in HTMLamiga.c
Bumpint AMosaic_rev.h because of change in HTMLamiga.c
Bumpint AMosaic_rev.h because of change in HTMLamiga.c
Bumpint AMosaic_rev.h because of change in HTMLamiga.c
Bumpint AMosaic_rev.h because of change in HTMLamiga.c
Bumpint AMosaic_rev.h because of change in HTMLamiga.c
Bumpint AMosaic_rev.h because of change in HTMLamiga.c
Bumpint AMosaic_rev.h because of change in HTMLamiga.c
Bumpint AMosaic_rev.h because of change in HTMLamiga.c
Bumpint AMosaic_rev.h because of change in HTMLamiga.c
Bumpint AMosaic_rev.h because of change in HTMLamiga.c
Bumpint AMosaic_rev.h because of change in HTML.c
Bumpint AMosaic_rev.h because of change in HTMLamiga.c HTML.c
Bumpint AMosaic_rev.h because of change in HTMLamiga.c
Bumpint AMosaic_rev.h because of change in HTMLamiga.c
Bumpint AMosaic_rev.h because of change in history.c gui-documents.c HTMLamiga.c HTML.c
Bumpint AMosaic_rev.h because of change in gui-documents.c
Bumpint AMosaic_rev.h because of change in HTMLamiga.c
Bumpint AMosaic_rev.h because of change in HTMLamiga.c
Bumpint AMosaic_rev.h because of change in HTMLamiga.c
Bumpint AMosaic_rev.h because of change in HTMLamiga.c
Bumpint AMosaic_rev.h because of change in HTML.c
Bumpint AMosaic_rev.h because of change in HTMLamiga.c
Bumpint AMosaic_rev.h because of change in gui-documents.c HTMLamiga.c
Bumpint AMosaic_rev.h because of change in gui-documents.c
Bumpint AMosaic_rev.h because of change in gui-documents.c
Bumpint AMosaic_rev.h because of change in gui-documents.c HTMLamiga.c
Bumpint AMosaic_rev.h because of change in HTMLamiga.c
Bumpint AMosaic_rev.h because of change in HTMLamiga.c
Bumpint AMosaic_rev.h because of change in HTMLamiga.c
Bumpint AMosaic_rev.h because of change in TextEditField.c
Bumpint AMosaic_rev.h because of change in TextEditField.c
Bumpint AMosaic_rev.h because of change in TextEditField.c
Bumpint AMosaic_rev.h because of change in TextEditField.c
Bumpint AMosaic_rev.h because of change in TextEditField.c
Bumpint AMosaic_rev.h because of change in TextEditField.c
Bumpint AMosaic_rev.h because of change in HTMLamiga.c TextEditField.c
Bumpint AMosaic_rev.h because of change in HTMLamiga.c
Bumpint AMosaic_rev.h because of change in HTMLamiga.c
Bumpint AMosaic_rev.h because of change in HTMLamiga.c
Bumpint AMosaic_rev.h because of change in HTMLamiga.c
Bumpint AMosaic_rev.h because of change in gui.h htmlgad.h mui.c main.c HTMLamiga.c HTML.h htmlgad.h
Bumpint AMosaic_rev.h because of change in htmlgad.h htmlgad.h
Bumpint AMosaic_rev.h because of change in main.c
Bumpint AMosaic_rev.h because of change in HTMLamiga.c
Bumpint AMosaic_rev.h because of change in HTMLamiga.c
Bumpint AMosaic_rev.h because of change in HTMLamiga.c
Bumpint AMosaic_rev.h because of change in TextEditField.c
Bumpint AMosaic_rev.h because of change in TextEditField.c
Bumpint AMosaic_rev.h because of change in TextEditField.c
Bumpint AMosaic_rev.h because of change in TextEditField.c
Bumpint AMosaic_rev.h because of change in TextEditField.c
Bumpint AMosaic_rev.h because of change in TextEditField.c
Bumpint AMosaic_rev.h because of change in TextEditField.c
Bumpint AMosaic_rev.h because of change in TextEditField.c
Bumpint AMosaic_rev.h because of change in TextEditField.c
Bumpint AMosaic_rev.h because of change in TextEditField.c
Bumpint AMosaic_rev.h because of change in main.c TextEditField.c
Bumpint AMosaic_rev.h because of change in main.c
Bumpint AMosaic_rev.h because of change in main.c
Bumpint AMosaic_rev.h because of change in TextEditField.c
Bumpint AMosaic_rev.h because of change in TextEditField.c
Bumpint AMosaic_rev.h because of change in TextEditField.c
Bumpint AMosaic_rev.h because of change in TextEditField.c
Bumpint AMosaic_rev.h because of change in TextEditField.c
Bumpint AMosaic_rev.h because of change in main.c TextEditField.c
Bumpint AMosaic_rev.h because of change in main.c
Bumpint AMosaic_rev.h because of change in TextEditField.c
Bumpint AMosaic_rev.h because of change in TextEditField.c
Bumpint AMosaic_rev.h because of change in TextEditField.c
Bumpint AMosaic_rev.h because of change in TextEditField.c
Bumpint AMosaic_rev.h because of change in main.c TextEditField.c
Bumpint AMosaic_rev.h because of change in TextEditField.c
Bumpint AMosaic_rev.h because of change in TextEditField.c
Bumpint AMosaic_rev.h because of change in main.c TextEditField.c
Bumpint AMosaic_rev.h because of change in main.c
Bumpint AMosaic_rev.h because of change in main.c
Bumpint AMosaic_rev.h because of change in main.c
Bumpint AMosaic_rev.h because of change in main.c
Bumpint AMosaic_rev.h because of change in main.c TextEditField.c
Bumpint AMosaic_rev.h because of change in TextEditField.c
Bumpint AMosaic_rev.h because of change in TextEditField.c
Bumpint AMosaic_rev.h because of change in TextEditField.c
Bumpint AMosaic_rev.h because of change in main.c
Bumpint AMosaic_rev.h because of change in main.c
Bumpint AMosaic_rev.h because of change in main.c
Bumpint AMosaic_rev.h because of change in main.c
Bumpint AMosaic_rev.h because of change in main.c TextEditField.c
Bumpint AMosaic_rev.h because of change in main.c
Bumpint AMosaic_rev.h because of change in main.c
Bumpint AMosaic_rev.h because of change in TextEditField.c
Bumpint AMosaic_rev.h because of change in TextEditField.c
Bumpint AMosaic_rev.h because of change in TextEditField.c
Bumpint AMosaic_rev.h because of change in TextEditField.c
Bumpint AMosaic_rev.h because of change in TextEditField.c
Bumpint AMosaic_rev.h because of change in gui-documents.c main.c TextEditField.c
Bumpint AMosaic_rev.h because of change in Mosaic.h main.c
Bumpint AMosaic_rev.h because of change in Mosaic.h
Bumpint AMosaic_rev.h because of change in HTMLamiga.c
Bumpint AMosaic_rev.h because of change in HTMLamiga.c
Bumpint AMosaic_rev.h because of change in HTMLamiga.c HTML.h
Bumpint AMosaic_rev.h because of change in HTMLamiga.c HTML.h
Bumpint AMosaic_rev.h because of change in HTML.h
Bumpint AMosaic_rev.h because of change in HTMLamiga.c
Bumpint AMosaic_rev.h because of change in HTMLamiga.c
Bumpint AMosaic_rev.h because of change in HTMLamiga.c
Bumpint AMosaic_rev.h because of change in HTMLamiga.c
Bumpint AMosaic_rev.h because of change in HTMLamiga.c
Bumpint AMosaic_rev.h because of change in HTMLamiga.c
Bumpint AMosaic_rev.h because of change in HTMLamiga.c
Bumpint AMosaic_rev.h because of change in HTMLamiga.c
Bumpint AMosaic_rev.h because of change in HTMLamiga.c
Bumpint AMosaic_rev.h because of change in HTMLamiga.c HTML.h
Bumpint AMosaic_rev.h because of change in HTMLamiga.c
Bumpint AMosaic_rev.h because of change in HTMLamiga.c
Bumpint AMosaic_rev.h because of change in HTMLamiga.c
Bumpint AMosaic_rev.h because of change in HTMLamiga.c
Bumpint AMosaic_rev.h because of change in HTMLamiga.c
Bumpint AMosaic_rev.h because of change in HTMLamiga.c
Bumpint AMosaic_rev.h because of change in HTMLamiga.c
Bumpint AMosaic_rev.h because of change in HTMLamiga.c
Bumpint AMosaic_rev.h because of change in HTMLamiga.c
Bumpint AMosaic_rev.h because of change in HTMLamiga.c
Bumpint AMosaic_rev.h because of change in HTMLamiga.c HTML.h
Bumpint AMosaic_rev.h because of change in HTMLamiga.c
Bumpint AMosaic_rev.h because of change in HTMLamiga.c HTML.h
Bumpint AMosaic_rev.h because of change in HTMLamiga.c
Bumpint AMosaic_rev.h because of change in HTMLamiga.c
Bumpint AMosaic_rev.h because of change in HTMLamiga.c
Bumpint AMosaic_rev.h because of change in HTMLamiga.c
Bumpint AMosaic_rev.h because of change in HTMLamiga.c
Bumpint AMosaic_rev.h because of change in HTMLamiga.c
Bumpint AMosaic_rev.h because of change in HTMLamiga.c
Bumpint AMosaic_rev.h because of change in HTMLamiga.c
Bumpint AMosaic_rev.h because of change in HTMLamiga.c
Bumpint AMosaic_rev.h because of change in HTMLamiga.c
Bumpint AMosaic_rev.h because of change in HTMLamiga.c
Bumpint AMosaic_rev.h because of change in HTMLamiga.c
Bumpint AMosaic_rev.h because of change in HTMLamiga.c
Bumpint AMosaic_rev.h because of change in HTMLamiga.c
Bumpint AMosaic_rev.h because of change in HTMLamiga.c
Bumpint AMosaic_rev.h because of change in HTMLamiga.c
Bumpint AMosaic_rev.h because of change in HTMLamiga.c
Bumpint AMosaic_rev.h because of change in HTMLamiga.c
Bumpint AMosaic_rev.h because of change in HTMLamiga.c
Bumpint AMosaic_rev.h because of change in HTMLamiga.c
Bumpint AMosaic_rev.h because of change in HTMLamiga.c
Bumpint AMosaic_rev.h because of change in HTMLamiga.c
Bumpint AMosaic_rev.h because of change in HTMLamiga.c
Bumpint AMosaic_rev.h because of change in HTMLamiga.c
Bumpint AMosaic_rev.h because of change in HTMLamiga.c
Bumpint AMosaic_rev.h because of change in HTMLamiga.c
Bumpint AMosaic_rev.h because of change in HTMLamiga.c
Bumpint AMosaic_rev.h because of change in TextEditField.c
Bumpint AMosaic_rev.h because of change in TextEditField.c
Bumpint AMosaic_rev.h because of change in TextEditField.c
Bumpint AMosaic_rev.h because of change in HTMLamiga.c
Bumpint AMosaic_rev.h because of change in HTMLamiga.c
Bumpint AMosaic_rev.h because of change in HTMLamiga.c TextEditField.c
Bumpint AMosaic_rev.h because of change in HTMLamiga.c HTML.h
Bumpint AMosaic_rev.h because of change in HTMLamiga.c
Bumpint AMosaic_rev.h because of change in HTMLamiga.c
Bumpint AMosaic_rev.h because of change in main.c
Bumpint AMosaic_rev.h because of change in htmlgad.h main.c HTMLamiga.c HTML.h htmlgad.h
Bumpint AMosaic_rev.h because of change in HTMLamiga.c
Bumpint AMosaic_rev.h because of change in main.c
Bumpint AMosaic_rev.h because of change in main.c HTMLamiga.c
Bumpint AMosaic_rev.h because of change in main.c
Bumpint AMosaic_rev.h because of change in HTMLamiga.c
Bumpint AMosaic_rev.h because of change in HTMLamiga.c
Bumpint AMosaic_rev.h because of change in HTMLamiga.c
Bumpint AMosaic_rev.h because of change in HTMLamiga.c
Bumpint AMosaic_rev.h because of change in HTMLamiga.c
Bumpint AMosaic_rev.h because of change in HTMLamiga.c
Bumpint AMosaic_rev.h because of change in HTMLamiga.c
Bumpint AMosaic_rev.h because of change in HTMLamiga.c
Bumpint AMosaic_rev.h because of change in HTMLamiga.c
Bumpint AMosaic_rev.h because of change in HTMLamiga.c
Bumpint AMosaic_rev.h because of change in mui.c
Bumpint AMosaic_rev.h because of change in HTMLamiga.c
Bumpint AMosaic_rev.h because of change in HTMLamiga.c
Bumpint AMosaic_rev.h because of change in HTMLamiga.c
Bumpint AMosaic_rev.h because of change in HTMLamiga.c
Bumpint AMosaic_rev.h because of change in HTMLamiga.c
Bumpint AMosaic_rev.h because of change in HTMLamiga.c
Bumpint AMosaic_rev.h because of change in HTMLamiga.c
Bumpint AMosaic_rev.h because of change in HTMLamiga.c
Bumpint AMosaic_rev.h because of change in HTMLamiga.c
Bumpint AMosaic_rev.h because of change in HTMLamiga.c
Bumpint AMosaic_rev.h because of change in HTMLamiga.c HTML.c
Bumpint AMosaic_rev.h because of change in HTMLamiga.c
Bumpint AMosaic_rev.h because of change in HTMLamiga.c HTML.c HTML.h
Bumpint AMosaic_rev.h because of change in HTMLamiga.c
Bumpint AMosaic_rev.h because of change in HTML.c
Bumpint AMosaic_rev.h because of change in gui-documents.c HTMLamiga.c
Bumpint AMosaic_rev.h because of change in gui-documents.c HTMLamiga.c
Bumpint AMosaic_rev.h because of change in HTMLamiga.c
Bumpint AMosaic_rev.h because of change in HTMLamiga.c
Bumpint AMosaic_rev.h because of change in HTMLamiga.c
Bumpint AMosaic_rev.h because of change in HTMLamiga.c
Bumpint AMosaic_rev.h because of change in HTMLamiga.c
Bumpint AMosaic_rev.h because of change in HTMLamiga.c
Bumpint AMosaic_rev.h because of change in HTMLamiga.c
Bumpint AMosaic_rev.h because of change in HTML.c
Bumpint AMosaic_rev.h because of change in HTMLamiga.c
Bumpint AMosaic_rev.h because of change in HTMLamiga.c
Bumpint AMosaic_rev.h because of change in HTMLamiga.c
Bumpint AMosaic_rev.h because of change in gui-documents.c HTMLamiga.c
Bumpint AMosaic_rev.h because of change in HTMLamiga.c HTMLformat.c HTML.h
Bumpint AMosaic_rev.h because of change in HTMLamiga.c
Bumpint AMosaic_rev.h because of change in HTMLamiga.c
Bumpint AMosaic_rev.h because of change in TO_HTML.c
Bumpint AMosaic_rev.h because of change in TO_HTML.c
Bumpint AMosaic_rev.h because of change in TO_HTML.c
Bumpint AMosaic_rev.h because of change in TO_HTML.c
Bumpint AMosaic_rev.h because of change in TO_HTML.c
Bumpint AMosaic_rev.h because of change in TO_HTML.c
Bumpint AMosaic_rev.h because of change in HTMLamiga.c TO_HTML.c
Bumpint AMosaic_rev.h because of change in HTMLamiga.c
Bumpint AMosaic_rev.h because of change in HTMLamiga.c
Bumpint AMosaic_rev.h because of change in HTMLamiga.c
Bumpint AMosaic_rev.h because of change in HTMLamiga.c
Bumpint AMosaic_rev.h because of change in HTMLamiga.c
Bumpint AMosaic_rev.h because of change in HTMLamiga.c
Bumpint AMosaic_rev.h because of change in HTMLamiga.c
Bumpint AMosaic_rev.h because of change in HTMLamiga.c
Bumpint AMosaic_rev.h because of change in main.c
Bumpint AMosaic_rev.h because of change in main.c
Bumpint AMosaic_rev.h because of change in mui.c
Bumpint AMosaic_rev.h because of change in mui.c
Bumpint AMosaic_rev.h because of change in mui.c
Bumpint AMosaic_rev.h because of change in mui.c
Bumpint AMosaic_rev.h because of change in mui.c
Bumpint AMosaic_rev.h because of change in mui.c
Bumpint AMosaic_rev.h because of change in mui.c
Bumpint AMosaic_rev.h because of change in mui.c
Bumpint AMosaic_rev.h because of change in mui.c
Bumpint AMosaic_rev.h because of change in mui.c
Bumpint AMosaic_rev.h because of change in mui.c
Bumpint AMosaic_rev.h because of change in mui.c
Bumpint AMosaic_rev.h because of change in globals.h globals.c main.c
Bumpint AMosaic_rev.h because of change in mui.c main.c
Bumpint AMosaic_rev.h because of change in mui.c
Bumpint AMosaic_rev.h because of change in mui.c
Bumpint AMosaic_rev.h because of change in mui.c
Bumpint AMosaic_rev.h because of change in mui.c
Bumpint AMosaic_rev.h because of change in gui-documents.c HTMLamiga.c
Bumpint AMosaic_rev.h because of change in main.c
Bumpint AMosaic_rev.h because of change in main.c
Bumpint AMosaic_rev.h because of change in HTMLamiga.c
Bumpint AMosaic_rev.h because of change in HTMLamiga.c
Bumpint AMosaic_rev.h because of change in HTMLamiga.c
Bumpint AMosaic_rev.h because of change in gui-documents.c HTMLamiga.c
Bumpint AMosaic_rev.h because of change in HTMLamiga.c
Bumpint AMosaic_rev.h because of change in HTMLamiga.c
Bumpint AMosaic_rev.h because of change in mui.c
Bumpint AMosaic_rev.h because of change in mui.c
Bumpint AMosaic_rev.h because of change in mui.c
Bumpint AMosaic_rev.h because of change in mui.c
Bumpint AMosaic_rev.h because of change in mui.c
Bumpint AMosaic_rev.h because of change in mui.c
Bumpint AMosaic_rev.h because of change in HTMLamiga.c HTML.c HTML.h
Bumpint AMosaic_rev.h because of change in HTMLamiga.c
Bumpint AMosaic_rev.h because of change in HTMLamiga.c
Bumpint AMosaic_rev.h because of change in HTMLamiga.c
Bumpint AMosaic_rev.h because of change in HTMLamiga.c
Bumpint AMosaic_rev.h because of change in HTMLamiga.c
Bumpint AMosaic_rev.h because of change in HTMLamiga.c
Bumpint AMosaic_rev.h because of change in mui.c
Bumpint AMosaic_rev.h because of change in mui.c
Bumpint AMosaic_rev.h because of change in mui.c
Bumpint AMosaic_rev.h because of change in HTMLamiga.c HTMLformat.c HTML.h
Bumpint AMosaic_rev.h because of change in HTMLamiga.c
Bumpint AMosaic_rev.h because of change in HTMLamiga.c HTML.h
Bumpint AMosaic_rev.h because of change in HTMLamiga.c HTMLformat.c
Bumpint AMosaic_rev.h because of change in HTMLamiga.c
Bumpint AMosaic_rev.h because of change in HTMLamiga.c
Bumpint AMosaic_rev.h because of change in mui.c HTMLamiga.c
Bumpint AMosaic_rev.h because of change in mui.c history.c gui-dialogs.c main.c
Bumpint AMosaic_rev.h because of change in globals.h
Bumpint AMosaic_rev.h because of change in mui.c
Bumpint AMosaic_rev.h because of change in HTMLamiga.c HTMLformat.c HTML.h
Bumpint AMosaic_rev.h because of change in HTMLamiga.c HTML.h
Bumpint AMosaic_rev.h because of change in HTMLamiga.c
Bumpint AMosaic_rev.h because of change in HTMLformat.c
Bumpint AMosaic_rev.h because of change in HTMLformat.c
Bumpint AMosaic_rev.h because of change in HTMLamiga.c
Bumpint AMosaic_rev.h because of change in HTMLamiga.c
Bumpint AMosaic_rev.h because of change in HTMLamiga.c
Bumpint AMosaic_rev.h because of change in HTMLformat.c
Bumpint AMosaic_rev.h because of change in HTMLamiga.c
Bumpint AMosaic_rev.h because of change in HTMLamiga.c
Bumpint AMosaic_rev.h because of change in HTMLamiga.c
Bumpint AMosaic_rev.h because of change in HTMLamiga.c
Bumpint AMosaic_rev.h because of change in HTMLamiga.c
Bumpint AMosaic_rev.h because of change in HTMLamiga.c
Bumpint AMosaic_rev.h because of change in HTMLamiga.c
Bumpint AMosaic_rev.h because of change in HTMLamiga.c
Bumpint AMosaic_rev.h because of change in HTMLamiga.c
Bumpint AMosaic_rev.h because of change in HTMLamiga.c
Bumpint AMosaic_rev.h because of change in HTMLamiga.c
Bumpint AMosaic_rev.h because of change in HTMLamiga.c
Bumpint AMosaic_rev.h because of change in HTMLamiga.c
Bumpint AMosaic_rev.h because of change in HTMLamiga.c
Bumpint AMosaic_rev.h because of change in HTMLamiga.c
Bumpint AMosaic_rev.h because of change in HTMLamiga.c
Bumpint AMosaic_rev.h because of change in HTMLamiga.c
Bumpint AMosaic_rev.h because of change in HTMLamiga.c HTML.h
Bumpint AMosaic_rev.h because of change in HTMLamiga.c
Bumpint AMosaic_rev.h because of change in HTMLamiga.c
Bumpint AMosaic_rev.h because of change in HTMLamiga.c
Bumpint AMosaic_rev.h because of change in HTMLamiga.c
Bumpint AMosaic_rev.h because of change in HTMLamiga.c
Bumpint AMosaic_rev.h because of change in HTMLamiga.c
Bumpint AMosaic_rev.h because of change in HTMLamiga.c
Bumpint AMosaic_rev.h because of change in HTMLamiga.c
Bumpint AMosaic_rev.h because of change in HTMLamiga.c
Bumpint AMosaic_rev.h because of change in HTMLamiga.c
Bumpint AMosaic_rev.h because of change in HTMLamiga.c
Bumpint AMosaic_rev.h because of change in HTMLamiga.c
Bumpint AMosaic_rev.h because of change in HTMLamiga.c
Bumpint AMosaic_rev.h because of change in gui.h htmlgad.h mui.c main.c HTMLamiga.c htmlgad.h
Bumpint AMosaic_rev.h because of change in main.c
Bumpint AMosaic_rev.h because of change in HTMLamiga.c
Bumpint AMosaic_rev.h because of change in HTMLamiga.c
Bumpint AMosaic_rev.h because of change in HTMLamiga.c HTMLformat.c
Bumpint AMosaic_rev.h because of change in HTMLamiga.c
Bumpint AMosaic_rev.h because of change in HTMLamiga.c
Bumpint AMosaic_rev.h because of change in HTMLamiga.c
Bumpint AMosaic_rev.h because of change in HTMLamiga.c
Bumpint AMosaic_rev.h because of change in HTMLamiga.c
Bumpint AMosaic_rev.h because of change in HTMLamiga.c
Bumpint AMosaic_rev.h because of change in HTMLamiga.c
Bumpint AMosaic_rev.h because of change in HTMLamiga.c
Bumpint AMosaic_rev.h because of change in HTMLamiga.c
Bumpint AMosaic_rev.h because of change in HTMLamiga.c
Bumpint AMosaic_rev.h because of change in HTMLamiga.c
Bumpint AMosaic_rev.h because of change in HTMLamiga.c
Bumpint AMosaic_rev.h because of change in HTMLamiga.c
Bumpint AMosaic_rev.h because of change in HTMLamiga.c
Bumpint AMosaic_rev.h because of change in HTMLamiga.c
Bumpint AMosaic_rev.h because of change in HTMLamiga.c
Bumpint AMosaic_rev.h because of change in HTMLamiga.c
Bumpint AMosaic_rev.h because of change in HTMLamiga.c
Bumpint AMosaic_rev.h because of change in HTMLamiga.c HTMLformat.c
Bumpint AMosaic_rev.h because of change in HTMLamiga.c
Bumpint AMosaic_rev.h because of change in HTMLamiga.c
Bumpint AMosaic_rev.h because of change in HTMLamiga.c
Bumpint AMosaic_rev.h because of change in HTMLamiga.c
Bumpint AMosaic_rev.h because of change in main.c HTMLformat.c
Bumpint AMosaic_rev.h because of change in main.c
Bumpint AMosaic_rev.h because of change in mui.c HTMLamiga.c
Bumpint AMosaic_rev.h because of change in Mosaic.h mui.c main.c
Bumpint AMosaic_rev.h because of change in mui.c
Bumpint AMosaic_rev.h because of change in Mosaic.h mui.c main.c
Bumpint AMosaic_rev.h because of change in mui.c
Bumpint AMosaic_rev.h because of change in protos.h main.c
Bumpint AMosaic_rev.h because of change in mui.c
Bumpint AMosaic_rev.h because of change in mui.c
Bumpint AMosaic_rev.h because of change in mui.c
Bumpint AMosaic_rev.h because of change in mui.c
Bumpint AMosaic_rev.h because of change in mui.c
Bumpint AMosaic_rev.h because of change in mui.c
Bumpint AMosaic_rev.h because of change in Mosaic.h mui.c main.c HTMLformat.c
Bumpint AMosaic_rev.h because of change in protos.h HTMLamiga.c
Bumpint AMosaic_rev.h because of change in HTMLamiga.c
Bumpint AMosaic_rev.h because of change in HTMLamiga.c
Bumpint AMosaic_rev.h because of change in mui.c gui.c main.c
Bumpint AMosaic_rev.h because of change in mui.c
Bumpint AMosaic_rev.h because of change in Mosaic.h mui.c main.c
Bumpint AMosaic_rev.h because of change in mui.c
Bumpint AMosaic_rev.h because of change in main.c
Bumpint AMosaic_rev.h because of change in mui.c
Bumpint AMosaic_rev.h because of change in mui.c
Bumpint AMosaic_rev.h because of change in mui.c
Bumpint AMosaic_rev.h because of change in mui.c
Bumpint AMosaic_rev.h because of change in mui.c
Bumpint AMosaic_rev.h because of change in mui.c
Bumpint AMosaic_rev.h because of change in mui.c
Bumpint AMosaic_rev.h because of change in mui.c
Bumpint AMosaic_rev.h because of change in gui.c
Bumpint AMosaic_rev.h because of change in gui.c
Bumpint AMosaic_rev.h because of change in main.c
Bumpint AMosaic_rev.h because of change in main.c
Bumpint AMosaic_rev.h because of change in main.c
Bumpint AMosaic_rev.h because of change in HTMLamiga.c
Bumpint AMosaic_rev.h because of change in HTMLamiga.c HTMLformat.c
Bumpint AMosaic_rev.h because of change in HTMLformat.c
Bumpint AMosaic_rev.h because of change in globals.c mui.c
Bumpint AMosaic_rev.h because of change in globals.h mui.c
Bumpint AMosaic_rev.h because of change in mui.c
Bumpint AMosaic_rev.h because of change in mui.c
Bumpint AMosaic_rev.h because of change in mui.c
Bumpint AMosaic_rev.h because of change in mui.c
Bumpint AMosaic_rev.h because of change in mui.c
Bumpint AMosaic_rev.h because of change in mui.c
Bumpint AMosaic_rev.h because of change in mui.c
Bumpint AMosaic_rev.h because of change in mui.c
Bumpint AMosaic_rev.h because of change in mui.c
Bumpint AMosaic_rev.h because of change in Mosaic.h mui.c main.c
Bumpint AMosaic_rev.h because of change in main.c
Bumpint AMosaic_rev.h because of change in HTMLamp.h
Bumpint AMosaic_rev.h because of change in HTMLamp.h
Bumpint AMosaic_rev.h because of change in HTMLamp.h
Bumpint AMosaic_rev.h because of change in mui.c HTMLamiga.c
Bumpint AMosaic_rev.h because of change in HTMLformat.c
Bumpint AMosaic_rev.h because of change in HTML.c
Bumpint AMosaic_rev.h because of change in HTMLamiga.c
Bumpint AMosaic_rev.h because of change in HTMLamiga.c HTMLformat.c
Bumpint AMosaic_rev.h because of change in HTMLamiga.c
Bumpint AMosaic_rev.h because of change in HTMLamiga.c
Bumpint AMosaic_rev.h because of change in HTMLamiga.c
Bumpint AMosaic_rev.h because of change in HTMLamiga.c
Bumpint AMosaic_rev.h because of change in HTMLamiga.c
Bumpint AMosaic_rev.h because of change in HTMLamiga.c
Bumpint AMosaic_rev.h because of change in HTMLamiga.c
Bumpint AMosaic_rev.h because of change in HTMLamiga.c HTMLformat.c
Bumpint AMosaic_rev.h because of change in HTMLamiga.c
Bumpint AMosaic_rev.h because of change in HTMLamiga.c
Bumpint AMosaic_rev.h because of change in HTMLamiga.c
Bumpint AMosaic_rev.h because of change in HTMLamiga.c
Bumpint AMosaic_rev.h because of change in gui.c HTMLamiga.c
Bumpint AMosaic_rev.h because of change in HTMLamiga.c
Bumpint AMosaic_rev.h because of change in HTMLamiga.c
Bumpint AMosaic_rev.h because of change in HTMLamiga.c
Bumpint AMosaic_rev.h because of change in HTMLamiga.c
Bumpint AMosaic_rev.h because of change in HTMLamiga.c
Bumpint AMosaic_rev.h because of change in HTMLamiga.c
Bumpint AMosaic_rev.h because of change in gui-dialogs.c
Bumpint AMosaic_rev.h because of change in HTML.c
Bumpint AMosaic_rev.h because of change in HTML.h
Bumpint AMosaic_rev.h because of change in gui-dialogs.c HTML.c
Bumpint AMosaic_rev.h because of change in HTML.c
Bumpint AMosaic_rev.h because of change in gui-dialogs.c
Bumpint AMosaic_rev.h because of change in gui-dialogs.c HTMLamiga.c
Bumpint AMosaic_rev.h because of change in mui.c HTMLamiga.c HTML.c
Bumpint AMosaic_rev.h because of change in HTMLamiga.c HTMLformat.c TO_HTML.c
Bumpint AMosaic_rev.h because of change in HTMLformat.c
Bumpint AMosaic_rev.h because of change in HTMLamiga.c HTMLformat.c
Bumpint AMosaic_rev.h because of change in mui.c main.c
Bumpint AMosaic_rev.h because of change in mui.c HTMLamiga.c
Bumpint AMosaic_rev.h because of change in htmlgad.h HTMLamiga.c htmlgad.h
Bumpint AMosaic_rev.h because of change in HTMLamiga.c
Bumpint AMosaic_rev.h because of change in HTMLamiga.c
Bumpint AMosaic_rev.h because of change in HTMLamiga.c
Bumpint AMosaic_rev.h because of change in HTMLamiga.c
Bumpint AMosaic_rev.h because of change in HTMLamiga.c
Bumpint AMosaic_rev.h because of change in HTMLamiga.c
Bumpint AMosaic_rev.h because of change in HTMLamiga.c
Bumpint AMosaic_rev.h because of change in HTMLamiga.c
Bumpint AMosaic_rev.h because of change in HTMLamiga.c
Bumpint AMosaic_rev.h because of change in HTMLamiga.c
Bumpint AMosaic_rev.h because of change in HTMLamiga.c
Bumpint AMosaic_rev.h because of change in HTMLamiga.c
Bumpint AMosaic_rev.h because of change in HTMLamiga.c
Bumpint AMosaic_rev.h because of change in HTMLamiga.c
Bumpint AMosaic_rev.h because of change in HTMLamiga.c
Bumpint AMosaic_rev.h because of change in HTMLamiga.c
Bumpint AMosaic_rev.h because of change in HTMLamiga.c
Bumpint AMosaic_rev.h because of change in HTMLamiga.c
Bumpint AMosaic_rev.h because of change in HTMLamiga.c
Bumpint AMosaic_rev.h because of change in HTMLamiga.c
Bumpint AMosaic_rev.h because of change in HTMLamiga.c
Bumpint AMosaic_rev.h because of change in HTMLamiga.c
Bumpint AMosaic_rev.h because of change in HTMLamiga.c
Bumpint AMosaic_rev.h because of change in HTMLformat.c
Bumpint AMosaic_rev.h because of change in HTMLamiga.c HTMLformat.c
Bumpint AMosaic_rev.h because of change in HTMLamiga.c
Bumpint AMosaic_rev.h because of change in HTMLamiga.c HTMLformat.c
Bumpint AMosaic_rev.h because of change in HTMLformat.c
Bumpint AMosaic_rev.h because of change in HTMLformat.c
Bumpint AMosaic_rev.h because of change in HTMLformat.c
Bumpint AMosaic_rev.h because of change in HTMLformat.c
Bumpint AMosaic_rev.h because of change in HTMLformat.c
Bumpint AMosaic_rev.h because of change in HTMLformat.c
Bumpint AMosaic_rev.h because of change in HTMLformat.c
Bumpint AMosaic_rev.h because of change in HTMLformat.c
Bumpint AMosaic_rev.h because of change in HTMLformat.c
Bumpint AMosaic_rev.h because of change in HTMLamiga.c HTMLformat.c
Bumpint AMosaic_rev.h because of change in HTMLamiga.c
Bumpint AMosaic_rev.h because of change in globalhist.c HTMLamiga.c HTMLformat.c
Bumpint AMosaic_rev.h because of change in HTML.h
Bumpint AMosaic_rev.h because of change in HTMLamiga.c
Bumpint AMosaic_rev.h because of change in HTMLformat.c HTML.h
Bumpint AMosaic_rev.h because of change in HTML.h
Bumpint AMosaic_rev.h because of change in HTMLamiga.c
Bumpint AMosaic_rev.h because of change in mui.c main.c
Bumpint AMosaic_rev.h because of change in mui.c
Bumpint AMosaic_rev.h because of change in mui.c
Bumpint AMosaic_rev.h because of change in HTMLamiga.c
Bumpint AMosaic_rev.h because of change in mui.c
Bumpint AMosaic_rev.h because of change in mui.c
Bumpint AMosaic_rev.h because of change in TO_HTML.c
Bumpint AMosaic_rev.h because of change in protos.h TO_HTML.c
Bumpint AMosaic_rev.h because of change in TO_HTML.c
Bumpint AMosaic_rev.h because of change in gui.c HTMLamiga.c
Bumpint AMosaic_rev.h because of change in HTMLamiga.c
Bumpint AMosaic_rev.h because of change in gui.c
Bumpint AMosaic_rev.h because of change in gui.c HTMLamiga.c
Bumpint AMosaic_rev.h because of change in gui.c
Bumpint AMosaic_rev.h because of change in HTMLamiga.c
Bumpint AMosaic_rev.h because of change in HTMLamiga.c
Bumpint AMosaic_rev.h because of change in gui.c main.c
Bumpint AMosaic_rev.h because of change in gui.c
Bumpint AMosaic_rev.h because of change in HTMLamiga.c
Bumpint AMosaic_rev.h because of change in HTMLamiga.c
Bumpint AMosaic_rev.h because of change in HTMLamiga.c
Bumpint AMosaic_rev.h because of change in HTMLamiga.c
Bumpint AMosaic_rev.h because of change in HTMLamiga.c
Bumpint AMosaic_rev.h because of change in HTMLamiga.c
Bumpint AMosaic_rev.h because of change in HTMLamiga.c
Bumpint AMosaic_rev.h because of change in HTMLamiga.c
Bumpint AMosaic_rev.h because of change in HTMLamiga.c
Bumpint AMosaic_rev.h because of change in HTMLamiga.c
Bumpint AMosaic_rev.h because of change in HTMLamiga.c
Bumpint AMosaic_rev.h because of change in HTMLamiga.c
Bumpint AMosaic_rev.h because of change in HTMLamiga.c
Bumpint AMosaic_rev.h because of change in HTMLamiga.c
Bumpint AMosaic_rev.h because of change in HTMLamiga.c
Bumpint AMosaic_rev.h because of change in HTML.c
Bumpint AMosaic_rev.h because of change in HTMLamiga.c
Bumpint AMosaic_rev.h because of change in HTML.c
Bumpint AMosaic_rev.h because of change in HTML.c
Bumpint AMosaic_rev.h because of change in HTMLamiga.c HTML.c
Bumpint AMosaic_rev.h because of change in HTMLformat.c
Bumpint AMosaic_rev.h because of change in globals.h globals.c mui.c HTMLamiga.c
Bumpint AMosaic_rev.h because of change in mui.c
Bumpint AMosaic_rev.h because of change in mui.c
Bumpint AMosaic_rev.h because of change in mui.c
Bumpint AMosaic_rev.h because of change in mui.c
Bumpint AMosaic_rev.h because of change in mui.c
Bumpint AMosaic_rev.h because of change in mui.c
Bumpint AMosaic_rev.h because of change in mui.c
Bumpint AMosaic_rev.h because of change in mui.c HTMLamiga.c
Bumpint AMosaic_rev.h because of change in HTMLamiga.c
Bumpint AMosaic_rev.h because of change in /libwww2/www.lib
Bumpint AMosaic_rev.h because of change in HTMLamiga.c
Bumpint AMosaic_rev.h because of change in HTMLamiga.c
Bumpint AMosaic_rev.h because of change in mui.c
Bumpint AMosaic_rev.h because of change in mui.c
Bumpint AMosaic_rev.h because of change in mui.c HTMLamiga.c
Bumpint AMosaic_rev.h because of change in HTMLamiga.c
Bumpint AMosaic_rev.h because of change in HTMLamiga.c
Bumpint AMosaic_rev.h because of change in HTMLamiga.c
Bumpint AMosaic_rev.h because of change in HTMLamiga.c
Bumpint AMosaic_rev.h because of change in main.c
Bumpint AMosaic_rev.h because of change in main.c
Bumpint AMosaic_rev.h because of change in Mosaic.h mui.c main.c
Bumpint AMosaic_rev.h because of change in mui.c main.c TextEditField.c
Bumpint AMosaic_rev.h because of change in TextEditField.c
Bumpint AMosaic_rev.h because of change in TextEditField.c
Bumpint AMosaic_rev.h because of change in HTMLamiga.c
Bumpint AMosaic_rev.h because of change in TextEditField.c
Bumpint AMosaic_rev.h because of change in TextEditField.c
Bumpint AMosaic_rev.h because of change in TextEditField.c
Bumpint AMosaic_rev.h because of change in TextEditField.c
Bumpint AMosaic_rev.h because of change in TextEditField.c
Bumpint AMosaic_rev.h because of change in TextEditField.c
Bumpint AMosaic_rev.h because of change in htmlgad.h HTMLamiga.c HTML.h htmlgad.h
Bumpint AMosaic_rev.h because of change in HTMLamiga.c
Bumpint AMosaic_rev.h because of change in htmlgad.h HTMLamiga.c htmlgad.h
Bumpint AMosaic_rev.h because of change in HTMLamiga.c
Bumpint AMosaic_rev.h because of change in HTMLamiga.c
Bumpint AMosaic_rev.h because of change in HTMLamiga.c
Bumpint AMosaic_rev.h because of change in HTMLamiga.c
Bumpint AMosaic_rev.h because of change in HTMLamiga.c
Bumpint AMosaic_rev.h because of change in TextEditField.c
Bumpint AMosaic_rev.h because of change in TextEditField.c
Bumpint AMosaic_rev.h because of change in TextEditField.c
Bumpint AMosaic_rev.h because of change in TextEditField.c
Bumpint AMosaic_rev.h because of change in TextEditField.c
Bumpint AMosaic_rev.h because of change in TextEditField.c
Bumpint AMosaic_rev.h because of change in TextEditField.c
Bumpint AMosaic_rev.h because of change in TextEditField.c
Bumpint AMosaic_rev.h because of change in HTMLamiga.c TextEditField.c /libwww2/www.lib
Bumpint AMosaic_rev.h because of change in HTMLamiga.c
Bumpint AMosaic_rev.h because of change in HTMLamiga.c
Bumpint AMosaic_rev.h because of change in HTMLamiga.c
Bumpint AMosaic_rev.h because of change in HTMLamiga.c
Bumpint AMosaic_rev.h because of change in TextEditField.c
Bumpint AMosaic_rev.h because of change in TextEditField.c
Bumpint AMosaic_rev.h because of change in HTMLamiga.c TextEditField.c
Bumpint AMosaic_rev.h because of change in TextEditField.c
Bumpint AMosaic_rev.h because of change in mui.c
Bumpint AMosaic_rev.h because of change in mui.c
Bumpint AMosaic_rev.h because of change in mui.c
Bumpint AMosaic_rev.h because of change in mui.c
Bumpint AMosaic_rev.h because of change in mui.c
Bumpint AMosaic_rev.h because of change in TextEditField.c
Bumpint AMosaic_rev.h because of change in TextEditField.c
Bumpint AMosaic_rev.h because of change in TextEditField.c
Bumpint AMosaic_rev.h because of change in TextEditField.c
Bumpint AMosaic_rev.h because of change in TextEditField.c
Bumpint AMosaic_rev.h because of change in TextEditField.c
Bumpint AMosaic_rev.h because of change in TextEditField.c
Bumpint AMosaic_rev.h because of change in TextEditField.c
Bumpint AMosaic_rev.h because of change in TextEditField.c
Bumpint AMosaic_rev.h because of change in TextEditField.c
Bumpint AMosaic_rev.h because of change in TextEditField.c
Bumpint AMosaic_rev.h because of change in TextEditField.c
Bumpint AMosaic_rev.h because of change in TextEditField.c
Bumpint AMosaic_rev.h because of change in TextEditField.c
Bumpint AMosaic_rev.h because of change in TextEditField.c
Bumpint AMosaic_rev.h because of change in TextEditField.c
Bumpint AMosaic_rev.h because of change in TextEditField.c
Bumpint AMosaic_rev.h because of change in TextEditField.c
Bumpint AMosaic_rev.h because of change in TextEditField.c
Bumpint AMosaic_rev.h because of change in TextEditField.c
Bumpint AMosaic_rev.h because of change in TextEditField.c
Bumpint AMosaic_rev.h because of change in mui.c
Bumpint AMosaic_rev.h because of change in includes.h mui.c fonts.c globalhist.c gui-dialogs.c main.c HTMLamiga.c TO_HTML.c
Bumpint AMosaic_rev.h because of change in main.c
Bumpint AMosaic_rev.h because of change in mui.c TextEditField.c
Bumpint AMosaic_rev.h because of change in mui.c HTMLamiga.c
Bumpint AMosaic_rev.h because of change in HTMLamiga.c
Bumpint AMosaic_rev.h because of change in mui.c
Bumpint AMosaic_rev.h because of change in mui.c
Bumpint AMosaic_rev.h because of change in mui.c
Bumpint AMosaic_rev.h because of change in mui.c
Bumpint AMosaic_rev.h because of change in mui.c
Bumpint AMosaic_rev.h because of change in mui.c
Bumpint AMosaic_rev.h because of change in mui.c
Bumpint AMosaic_rev.h because of change in mui.c
Bumpint AMosaic_rev.h because of change in mui.c
Bumpint AMosaic_rev.h because of change in mui.c
Bumpint AMosaic_rev.h because of change in mui.c
Bumpint AMosaic_rev.h because of change in mui.c
Bumpint AMosaic_rev.h because of change in mui.c HTMLamiga.c TextEditField.c
Bumpint AMosaic_rev.h because of change in TextEditField.c
Bumpint AMosaic_rev.h because of change in TextEditField.c
Bumpint AMosaic_rev.h because of change in TextEditField.c
Bumpint AMosaic_rev.h because of change in TextEditField.c
Bumpint AMosaic_rev.h because of change in TextEditField.c
Bumpint AMosaic_rev.h because of change in TextEditField.c
Bumpint AMosaic_rev.h because of change in TextEditField.c
Bumpint AMosaic_rev.h because of change in TextEditField.c
Bumpint AMosaic_rev.h because of change in TextEditField.c
Bumpint AMosaic_rev.h because of change in TextEditField.c
Bumpint AMosaic_rev.h because of change in TextEditField.c
Bumpint AMosaic_rev.h because of change in TextEditField.c
Bumpint AMosaic_rev.h because of change in TextEditField.c
Bumpint AMosaic_rev.h because of change in TextEditField.c
Bumpint AMosaic_rev.h because of change in TextEditField.c
Bumpint AMosaic_rev.h because of change in TextEditField.c
Bumpint AMosaic_rev.h because of change in TextEditField.c
Bumpint AMosaic_rev.h because of change in TextEditField.c
Bumpint AMosaic_rev.h because of change in TextEditField.c
Bumpint AMosaic_rev.h because of change in TextEditField.c
Bumpint AMosaic_rev.h because of change in TextEditField.c
Bumpint AMosaic_rev.h because of change in mui.c gui.c
Bumpint AMosaic_rev.h because of change in Mosaic.h
Bumpint AMosaic_rev.h because of change in mui.c
Bumpint AMosaic_rev.h because of change in mui.c
Bumpint AMosaic_rev.h because of change in mui.c
Bumpint AMosaic_rev.h because of change in mui.c gui-documents.c
Bumpint AMosaic_rev.h because of change in HTMLamiga.c
Bumpint AMosaic_rev.h because of change in HTMLamiga.c
Bumpint AMosaic_rev.h because of change in HTMLamiga.c
Bumpint AMosaic_rev.h because of change in HTMLamiga.c
Bumpint AMosaic_rev.h because of change in htmlgad.h HTMLamiga.c htmlgad.h
Bumpint AMosaic_rev.h because of change in HTMLamiga.c
Bumpint AMosaic_rev.h because of change in HTMLamiga.c
Bumpint AMosaic_rev.h because of change in HTMLamiga.c
Bumpint AMosaic_rev.h because of change in HTMLamiga.c
Bumpint AMosaic_rev.h because of change in HTMLamiga.c
Bumpint AMosaic_rev.h because of change in HTMLamiga.c HTML.c
Bumpint AMosaic_rev.h because of change in HTMLamiga.c
Bumpint AMosaic_rev.h because of change in HTMLamiga.c
Bumpint AMosaic_rev.h because of change in /libwww2/www.lib
Bumpint AMosaic_rev.h because of change in mui.c
Bumpint AMosaic_rev.h because of change in mui.c
Bumpint AMosaic_rev.h because of change in mui.c
Bumpint AMosaic_rev.h because of change in mui.c
Bumpint AMosaic_rev.h because of change in mui.c
Bumpint AMosaic_rev.h because of change in mui.c
Bumpint AMosaic_rev.h because of change in mui.c
Bumpint AMosaic_rev.h because of change in mui.c
Bumpint AMosaic_rev.h because of change in mui.c
Bumpint AMosaic_rev.h because of change in mui.c
Bumpint AMosaic_rev.h because of change in mui.c
Bumpint AMosaic_rev.h because of change in mui.c
Bumpint AMosaic_rev.h because of change in mui.c
Bumpint AMosaic_rev.h because of change in mui.c
Bumpint AMosaic_rev.h because of change in mui.c
Bumpint AMosaic_rev.h because of change in mui.c
Bumpint AMosaic_rev.h because of change in mui.c
Bumpint AMosaic_rev.h because of change in mui.c
Bumpint AMosaic_rev.h because of change in mui.c
Bumpint AMosaic_rev.h because of change in HTMLamiga.c
Bumpint AMosaic_rev.h because of change in HTMLamiga.c
Bumpint AMosaic_rev.h because of change in HTMLamiga.c
Bumpint AMosaic_rev.h because of change in HTMLamiga.c
Bumpint AMosaic_rev.h because of change in HTMLamiga.c
Bumpint AMosaic_rev.h because of change in HTMLamiga.c
Bumpint AMosaic_rev.h because of change in mui.c
Bumpint AMosaic_rev.h because of change in mui.c
Bumpint AMosaic_rev.h because of change in mui.c
Bumpint AMosaic_rev.h because of change in mui.c
Bumpint AMosaic_rev.h because of change in mui.c
Bumpint AMosaic_rev.h because of change in mui.c
Bumpint AMosaic_rev.h because of change in mui.c
Bumpint AMosaic_rev.h because of change in mui.c
Bumpint AMosaic_rev.h because of change in mui.c
Bumpint AMosaic_rev.h because of change in mui.c
Bumpint AMosaic_rev.h because of change in mui.c
Bumpint AMosaic_rev.h because of change in mui.c
Bumpint AMosaic_rev.h because of change in mui.c
Bumpint AMosaic_rev.h because of change in mui.c
Bumpint AMosaic_rev.h because of change in mui.c
Bumpint AMosaic_rev.h because of change in mui.c
Bumpint AMosaic_rev.h because of change in mui.c
Bumpint AMosaic_rev.h because of change in mui.c
Bumpint AMosaic_rev.h because of change in mui.c
Bumpint AMosaic_rev.h because of change in mui.c
Bumpint AMosaic_rev.h because of change in mui.c
Bumpint AMosaic_rev.h because of change in mui.c
Bumpint AMosaic_rev.h because of change in mui.c
Bumpint AMosaic_rev.h because of change in mui.c
Bumpint AMosaic_rev.h because of change in mui.c
Bumpint AMosaic_rev.h because of change in mui.c
Bumpint AMosaic_rev.h because of change in mui.c
Bumpint AMosaic_rev.h because of change in HTMLamiga.c
Bumpint AMosaic_rev.h because of change in HTMLamiga.c
Bumpint AMosaic_rev.h because of change in HTMLamiga.c
Bumpint AMosaic_rev.h because of change in /libwww2/www.lib
Bumpint AMosaic_rev.h because of change in /libwww2/www.lib
Bumpint AMosaic_rev.h because of change in HTMLamiga.c
Bumpint AMosaic_rev.h because of change in HTMLamiga.c
Bumpint AMosaic_rev.h because of change in HTMLamiga.c
Bumpint AMosaic_rev.h because of change in HTMLamiga.c
Bumpint AMosaic_rev.h because of change in HTMLamiga.c
Bumpint AMosaic_rev.h because of change in HTMLamiga.c
Bumpint AMosaic_rev.h because of change in HTMLamiga.c TextEditField.c
Bumpint AMosaic_rev.h because of change in TextEditField.c
Bumpint AMosaic_rev.h because of change in TextEditField.c
Bumpint AMosaic_rev.h because of change in TextEditField.c
Bumpint AMosaic_rev.h because of change in TextEditField.c
Bumpint AMosaic_rev.h because of change in TextEditField.c
Bumpint AMosaic_rev.h because of change in HTMLformat.c
Bumpint AMosaic_rev.h because of change in globalhist.c
Bumpint AMosaic_rev.h because of change in globalhist.c
Bumpint AMosaic_rev.h because of change in globalhist.c
Bumpint AMosaic_rev.h because of change in globalhist.c
Bumpint AMosaic_rev.h because of change in globalhist.c
Bumpint AMosaic_rev.h because of change in globalhist.c
Bumpint AMosaic_rev.h because of change in globalhist.c
Bumpint AMosaic_rev.h because of change in HTMLformat.c
Bumpint AMosaic_rev.h because of change in HTMLamiga.c
Bumpint AMosaic_rev.h because of change in HTMLamiga.c
Bumpint AMosaic_rev.h because of change in HTMLamiga.c
Bumpint AMosaic_rev.h because of change in HTMLamiga.c
Bumpint AMosaic_rev.h because of change in HTMLamiga.c
Bumpint AMosaic_rev.h because of change in HTMLamiga.c
Bumpint AMosaic_rev.h because of change in HTMLamiga.c
Bumpint AMosaic_rev.h because of change in HTMLamiga.c
Bumpint AMosaic_rev.h because of change in main.c
Bumpint AMosaic_rev.h because of change in main.c
Bumpint AMosaic_rev.h because of change in HTMLamiga.c
Bumpint AMosaic_rev.h because of change in HTMLamiga.c
Bumpint AMosaic_rev.h because of change in main.c HTMLamiga.c
Bumpint AMosaic_rev.h because of change in /libwww2/www.lib
Bumpint AMosaic_rev.h because of change in mui.c
Bumpint AMosaic_rev.h because of change in gui-documents.c HTMLamiga.c
Bumpint AMosaic_rev.h because of change in gui-documents.c
Bumpint AMosaic_rev.h because of change in mui.c
Bumpint AMosaic_rev.h because of change in mui.c
Bumpint AMosaic_rev.h because of change in gui-documents.c
Bumpint AMosaic_rev.h because of change in HTMLamiga.c
Bumpint AMosaic_rev.h because of change in mui.c
Bumpint AMosaic_rev.h because of change in mui.c
Bumpint AMosaic_rev.h because of change in mui.c
Bumpint AMosaic_rev.h because of change in mui.c HTMLamiga.c
Bumpint AMosaic_rev.h because of change in HTMLamiga.c
Bumpint AMosaic_rev.h because of change in HTMLamiga.c
Bumpint AMosaic_rev.h because of change in HTMLamiga.c
Bumpint AMosaic_rev.h because of change in HTMLamiga.c
Bumpint AMosaic_rev.h because of change in HTMLamiga.c
Bumpint AMosaic_rev.h because of change in HTMLamiga.c
Bumpint AMosaic_rev.h because of change in main.c HTMLamiga.c
Bumpint AMosaic_rev.h because of change in main.c TO_HTML.c
Bumpint AMosaic_rev.h because of change in main.c TO_HTML.c
Bumpint AMosaic_rev.h because of change in globalhist.c
Bumpint AMosaic_rev.h because of change in HTMLamiga.c
Bumpint AMosaic_rev.h because of change in HTMLamiga.c
Bumpint AMosaic_rev.h because of change in main.c TO_HTML.c
Bumpint AMosaic_rev.h because of change in mui.c
Bumpint AMosaic_rev.h because of change in mui.c
Bumpint AMosaic_rev.h because of change in mui.c
Bumpint AMosaic_rev.h because of change in mui.c
Bumpint AMosaic_rev.h because of change in mui.c
Bumpint AMosaic_rev.h because of change in rexx.c
Bumpint AMosaic_rev.h because of change in main.c
Bumpint AMosaic_rev.h because of change in mui.c
Bumpint AMosaic_rev.h because of change in gui-dialogs.c
Bumpint AMosaic_rev.h because of change in HTMLamiga.c
Bumpint AMosaic_rev.h because of change in HTMLamiga.c
Bumpint AMosaic_rev.h because of change in HTMLamiga.c
Bumpint AMosaic_rev.h because of change in HTMLamiga.c HTML.c
Bumpint AMosaic_rev.h because of change in protos.h
Bumpint AMosaic_rev.h because of change in HTMLamiga.c
Bumpint AMosaic_rev.h because of change in HTMLamiga.c
Bumpint AMosaic_rev.h because of change in HTMLamiga.c
Bumpint AMosaic_rev.h because of change in HTMLamiga.c
Bumpint AMosaic_rev.h because of change in HTMLamiga.c
Bumpint AMosaic_rev.h because of change in HTMLamiga.c
Bumpint AMosaic_rev.h because of change in HTMLamiga.c
Bumpint AMosaic_rev.h because of change in HTMLamiga.c
Bumpint AMosaic_rev.h because of change in HTMLamiga.c
Bumpint AMosaic_rev.h because of change in HTMLamiga.c
Bumpint AMosaic_rev.h because of change in HTMLamiga.c HTML.h
Bumpint AMosaic_rev.h because of change in HTMLamiga.c
Bumpint AMosaic_rev.h because of change in HTMLamiga.c
Bumpint AMosaic_rev.h because of change in HTMLamiga.c
Bumpint AMosaic_rev.h because of change in globals.h Mosaic.h globals.c mui.c
Bumpint AMosaic_rev.h because of change in mui.c
Bumpint AMosaic_rev.h because of change in mui.c gui-documents.c main.c HTMLamiga.c
Bumpint AMosaic_rev.h because of change in HTMLamiga.c
Bumpint AMosaic_rev.h because of change in main.c
Bumpint AMosaic_rev.h because of change in main.c
Bumpint AMosaic_rev.h because of change in main.c HTMLamiga.c
Bumpint AMosaic_rev.h because of change in HTMLamiga.c
Bumpint AMosaic_rev.h because of change in mui.c
Bumpint AMosaic_rev.h because of change in mui.c
Bumpint AMosaic_rev.h because of change in mui.c
Bumpint AMosaic_rev.h because of change in mui.c
Bumpint AMosaic_rev.h because of change in mui.c
Bumpint AMosaic_rev.h because of change in mui.c
Bumpint AMosaic_rev.h because of change in HTMLamiga.c
Bumpint AMosaic_rev.h because of change in mui.c gui-dialogs.c main.c rexx.c
Bumpint AMosaic_rev.h because of change in mui.c
Bumpint AMosaic_rev.h because of change in mui.c
Bumpint AMosaic_rev.h because of change in HTMLamiga.c
Bumpint AMosaic_rev.h because of change in HTMLamiga.c
Bumpint AMosaic_rev.h because of change in HTMLamiga.c
Bumpint AMosaic_rev.h because of change in main.c HTMLamiga.c TextEditField.c
Bumpint AMosaic_rev.h because of change in HTMLamiga.c
Bumpint AMosaic_rev.h because of change in HTMLamiga.c
Bumpint AMosaic_rev.h because of change in HTMLamiga.c
Bumpint AMosaic_rev.h because of change in HTMLamiga.c
Bumpint AMosaic_rev.h because of change in HTMLamiga.c
Bumpint AMosaic_rev.h because of change in main.c HTMLamiga.c
Bumpint AMosaic_rev.h because of change in HTMLamiga.c
Bumpint AMosaic_rev.h because of change in main.c
Bumpint AMosaic_rev.h because of change in main.c
Bumpint AMosaic_rev.h because of change in main.c
Bumpint AMosaic_rev.h because of change in main.c
Bumpint AMosaic_rev.h because of change in TextEditField.c
Bumpint AMosaic_rev.h because of change in main.c HTMLamiga.c
Bumpint AMosaic_rev.h because of change in main.c
Bumpint AMosaic_rev.h because of change in main.c
Bumpint AMosaic_rev.h because of change in main.c
Bumpint AMosaic_rev.h because of change in main.c
Bumpint AMosaic_rev.h because of change in main.c
Bumpint AMosaic_rev.h because of change in main.c
Bumpint AMosaic_rev.h because of change in main.c
Bumpint AMosaic_rev.h because of change in main.c
Bumpint AMosaic_rev.h because of change in main.c
Bumpint AMosaic_rev.h because of change in HTMLamiga.c
Bumpint AMosaic_rev.h because of change in main.c HTMLamiga.c
Bumpint AMosaic_rev.h because of change in HTMLamiga.c
Bumpint AMosaic_rev.h because of change in HTMLamiga.c
Bumpint AMosaic_rev.h because of change in HTMLamiga.c
Bumpint AMosaic_rev.h because of change in HTMLamiga.c
Bumpint AMosaic_rev.h because of change in HTMLamiga.c
Bumpint AMosaic_rev.h because of change in HTMLamiga.c
Bumpint AMosaic_rev.h because of change in HTMLamiga.c
Bumpint AMosaic_rev.h because of change in HTMLamiga.c
Bumpint AMosaic_rev.h because of change in HTMLamiga.c
Bumpint AMosaic_rev.h because of change in HTMLamiga.c
Bumpint AMosaic_rev.h because of change in HTMLamiga.c
Bumpint AMosaic_rev.h because of change in HTMLamiga.c
Bumpint AMosaic_rev.h because of change in HTMLamiga.c
Bumpint AMosaic_rev.h because of change in HTMLamiga.c
Bumpint AMosaic_rev.h because of change in main.c
Bumpint AMosaic_rev.h because of change in mui.c
Bumpint AMosaic_rev.h because of change in mui.c
Bumpint AMosaic_rev.h because of change in mui.c
Bumpint AMosaic_rev.h because of change in mui.c
Bumpint AMosaic_rev.h because of change in main.c HTMLamiga.c
Bumpint AMosaic_rev.h because of change in HTMLamiga.c
Bumpint AMosaic_rev.h because of change in TextEditField.c
Bumpint AMosaic_rev.h because of change in TextEditField.c
Bumpint AMosaic_rev.h because of change in HTMLamiga.c TextEditField.c
Bumpint AMosaic_rev.h because of change in mui.c
Bumpint AMosaic_rev.h because of change in mui.c
Bumpint AMosaic_rev.h because of change in HTMLamiga.c
Bumpint AMosaic_rev.h because of change in HTMLamiga.c
Bumpint AMosaic_rev.h because of change in HTMLamiga.c
Bumpint AMosaic_rev.h because of change in main.c HTMLamiga.c HTML.h
Bumpint AMosaic_rev.h because of change in HTMLamiga.c
Bumpint AMosaic_rev.h because of change in HTMLamiga.c
Bumpint AMosaic_rev.h because of change in HTMLamiga.c
Bumpint AMosaic_rev.h because of change in HTMLamiga.c HTML.c
Bumpint AMosaic_rev.h because of change in HTML.c
Bumpint AMosaic_rev.h because of change in HTML.c
Bumpint AMosaic_rev.h because of change in HTMLamiga.c
Bumpint AMosaic_rev.h because of change in /libwww2/www.lib
Bumpint AMosaic_rev.h because of change in /libwww2/www.lib
Bumpint AMosaic_rev.h because of change in fonts.c main.c
Bumpint AMosaic_rev.h because of change in protos.h fonts.c
Bumpint AMosaic_rev.h because of change in main.c
Bumpint AMosaic_rev.h because of change in main.c
Bumpint AMosaic_rev.h because of change in main.c
Bumpint AMosaic_rev.h because of change in mui.c
Bumpint AMosaic_rev.h because of change in mui.c
Bumpint AMosaic_rev.h because of change in mui.c
Bumpint AMosaic_rev.h because of change in mui.c
Bumpint AMosaic_rev.h because of change in mui.c main.c
Bumpint AMosaic_rev.h because of change in mui.c main.c
Bumpint AMosaic_rev.h because of change in mui.c
Bumpint AMosaic_rev.h because of change in mui.c
Bumpint AMosaic_rev.h because of change in mui.c
Bumpint AMosaic_rev.h because of change in TextEditField.c
Bumpint AMosaic_rev.h because of change in TextEditField.c
Bumpint AMosaic_rev.h because of change in TextEditField.c
Bumpint AMosaic_rev.h because of change in TextEditField.c
Bumpint AMosaic_rev.h because of change in TextEditField.c
Bumpint AMosaic_rev.h because of change in HTMLamiga.c TextEditField.c
Bumpint AMosaic_rev.h because of change in TextEditField.c
Bumpint AMosaic_rev.h because of change in TextEditField.c
Bumpint AMosaic_rev.h because of change in TextEditField.c
Bumpint AMosaic_rev.h because of change in HTMLformat.c
Bumpint AMosaic_rev.h because of change in HTMLformat.c
Bumpint AMosaic_rev.h because of change in gui.c HTMLamiga.c
Bumpint AMosaic_rev.h because of change in Mosaic.h gui.c
Bumpint AMosaic_rev.h because of change in gui.c HTMLamiga.c
Bumpint AMosaic_rev.h because of change in gui.c
Bumpint AMosaic_rev.h because of change in mui.c
Bumpint AMosaic_rev.h because of change in mui.c
Bumpint AMosaic_rev.h because of change in mui.c
Bumpint AMosaic_rev.h because of change in mui.c
Bumpint AMosaic_rev.h because of change in mui.c
Bumpint AMosaic_rev.h because of change in /libwww2/www.lib
Bumpint AMosaic_rev.h because of change in /libwww2/www.lib
Bumpint AMosaic_rev.h because of change in /libwww2/www.lib
Bumpint AMosaic_rev.h because of change in mui.c
Bumpint AMosaic_rev.h because of change in main.c /libwww2/www.lib
Bumpint AMosaic_rev.h because of change in main.c /libwww2/www.lib
Bumpint AMosaic_rev.h because of change in main.c /libwww2/www.lib
Bumpint AMosaic_rev.h because of change in main.c /libwww2/www.lib
Bumpint AMosaic_rev.h because of change in main.c /libwww2/www.lib
Bumpint AMosaic_rev.h because of change in main.c /libwww2/www.lib
Bumpint AMosaic_rev.h because of change in gui.c main.c /libwww2/www.lib
Bumpint AMosaic_rev.h because of change in gui.c main.c /libwww2/www.lib
Bumpint AMosaic_rev.h because of change in gui.c main.c /libwww2/www.lib
Bumpint AMosaic_rev.h because of change in gui.c main.c /libwww2/www.lib
Bumpint AMosaic_rev.h because of change in gui.c main.c /libwww2/www.lib
Bumpint AMosaic_rev.h because of change in includes.h gui.c main.c /libwww2/www.lib
Bumpint AMosaic_rev.h because of change in includes.h gui.c main.c /libwww2/www.lib
Bumpint AMosaic_rev.h because of change in includes.h mui.c gui.c main.c /libwww2/www.lib
Bumpint AMosaic_rev.h because of change in includes.h mui.c gui.c main.c /libwww2/www.lib
Bumpint AMosaic_rev.h because of change in includes.h mui.c gui.c main.c /libwww2/www.lib
Bumpint AMosaic_rev.h because of change in includes.h mui.c gui.c main.c /libwww2/www.lib
Bumpint AMosaic_rev.h because of change in includes.h mui.c gui.c main.c /libwww2/www.lib
Bumpint AMosaic_rev.h because of change in includes.h mui.c gui.c main.c /libwww2/www.lib
Bumpint AMosaic_rev.h because of change in includes.h mui.c gui.c main.c /libwww2/www.lib
Bumpint AMosaic_rev.h because of change in gui.c HTMLparse.c /libwww2/www.lib
Bumpint AMosaic_rev.h because of change in gui.c HTMLparse.c /libwww2/www.lib
Bumpint AMosaic_rev.h because of change in gui.c HTMLparse.c /libwww2/www.lib
Bumpint AMosaic_rev.h because of change in gui.c main.c HTMLparse.c /libwww2/www.lib
Bumpint AMosaic_rev.h because of change in gui.c main.c HTMLparse.c /libwww2/www.lib
Bumpint AMosaic_rev.h because of change in gui.c main.c HTMLparse.c /libwww2/www.lib
Bumpint AMosaic_rev.h because of change in gui.c main.c HTMLparse.c /libwww2/www.lib
Bumpint AMosaic_rev.h because of change in gui.c main.c HTMLparse.c /libwww2/www.lib
Bumpint AMosaic_rev.h because of change in gui.c main.c HTMLparse.c /libwww2/www.lib
Bumpint AMosaic_rev.h because of change in gui.c main.c HTMLparse.c /libwww2/www.lib
Bumpint AMosaic_rev.h because of change in gui.c main.c HTMLparse.c /libwww2/www.lib
Bumpint AMosaic_rev.h because of change in gui.c main.c HTMLparse.c /libwww2/www.lib
Bumpint AMosaic_rev.h because of change in gui.c main.c HTMLparse.c /libwww2/www.lib
Bumpint AMosaic_rev.h because of change in gui.c main.c HTMLparse.c /libwww2/www.lib
Bumpint AMosaic_rev.h because of change in globals.h includes.h globals.c main.c
Bumpint AMosaic_rev.h because of change in globals.h globals.c main.c
Bumpint AMosaic_rev.h because of change in /libwww2/www.lib
Bumpint AMosaic_rev.h because of change in Mosaic.h gui.c /libwww2/www.lib
Bumpint AMosaic_rev.h because of change in HTML.h
Bumpint AMosaic_rev.h because of change in HTMLparse.c
Bumpint AMosaic_rev.h because of change in /libwww2/www.lib
Bumpint AMosaic_rev.h because of change in HTMLamp.h
Bumpint AMosaic_rev.h because of change in gui.h globals.h includes.h Mosaic.h htmlgad.h protos.h spinner.h globals.c mui.c fonts.c history.c gui-documents.c globalhist.c gui.c gui-dialogs.c main.c HTML_img.c picread.c rexx.c spinner.c HTMLamiga.c HTMLlists.c HTMLparse.c HTMLformat.c HTMLimages.c HTML.c TO_HTML.c TO_HTML.h HTML.h HTMLamp.h htmlgad.h HTMLP.h TextEditField.c /libwww2/www.lib
Bumpint AMosaic_rev.h because of change in includes.h
Bumpint AMosaic_rev.h because of change in includes.h
Bumpint AMosaic_rev.h because of change in /libwww2/www.lib
Bumpint AMosaic_rev.h because of change in includes.h
Bumpint AMosaic_rev.h because of change in includes.h mui.c
