This file contains any messages produced by compilers while
running configure, to aid debugging if configure makes a mistake.

configure:580: checking for a BSD compatible install
configure:650: checking whether build environment is sane
configure:697: checking for working aclocal
configure:710: checking for working autoconf
configure:723: checking for working automake
configure:736: checking for working autoheader
configure:749: checking for working makeinfo
configure:762: checking whether make sets ${MAKE}
configure:795: checking for gcc
configure:932: checking whether the C compiler (gcc  ) works
configure:946: gcc -o conftest    conftest.c  1>&5
configure:966: checking whether the C compiler (gcc  ) is a cross-compiler
configure:971: checking whether we are using GNU C
configure:980: gcc -E conftest.c
configure:995: checking whether gcc accepts -g
configure:1031: checking whether ln -s works
configure:1063: checking for main in -lbsd
configure:1078: gcc -o conftest -g -O2   conftest.c -lbsd   1>&5
configure:1106: checking for main in -lc_s
configure:1121: gcc -o conftest -g -O2   conftest.c -lc_s  -lbsd  1>&5
/usr/bin/ld: cannot find -lc_s
collect2: ld returned 1 exit status
configure: failed program was:
#line 1114 "configure"
#include "confdefs.h"

int main() {
main()
; return 0; }
configure:1149: checking for main in -lseq
configure:1164: gcc -o conftest -g -O2   conftest.c -lseq  -lbsd  1>&5
/usr/bin/ld: cannot find -lseq
collect2: ld returned 1 exit status
configure: failed program was:
#line 1157 "configure"
#include "confdefs.h"

int main() {
main()
; return 0; }
configure:1197: checking for dirent.h that defines DIR
configure:1210: gcc -c -g -O2  conftest.c 1>&5
configure:1235: checking for opendir in -ldir
configure:1254: gcc -o conftest -g -O2   conftest.c -ldir  -lbsd  1>&5
/usr/bin/ld: cannot find -ldir
collect2: ld returned 1 exit status
configure: failed program was:
#line 1243 "configure"
#include "confdefs.h"
/* Override any gcc2 internal prototype to avoid an error.  */
/* We use char because int might match the return type of a gcc2
    builtin and then its argument prototype would still apply.  */
char opendir();

int main() {
opendir()
; return 0; }
configure:1318: checking how to run the C preprocessor
configure:1339: gcc -E  conftest.c >/dev/null 2>conftest.out
configure:1379: checking for ANSI C header files
configure:1392: gcc -E  conftest.c >/dev/null 2>conftest.out
configure:1459: gcc -o conftest -g -O2   conftest.c -lbsd  1>&5
configure:1486: checking for fcntl.h
configure:1496: gcc -E  conftest.c >/dev/null 2>conftest.out
configure:1486: checking for limits.h
configure:1496: gcc -E  conftest.c >/dev/null 2>conftest.out
configure:1486: checking for strings.h
configure:1496: gcc -E  conftest.c >/dev/null 2>conftest.out
configure:1486: checking for sys/file.h
configure:1496: gcc -E  conftest.c >/dev/null 2>conftest.out
configure:1486: checking for sys/time.h
configure:1496: gcc -E  conftest.c >/dev/null 2>conftest.out
configure:1486: checking for unistd.h
configure:1496: gcc -E  conftest.c >/dev/null 2>conftest.out
configure:1524: checking for working const
configure:1578: gcc -c -g -O2  conftest.c 1>&5
configure:1599: checking for off_t
configure:1632: checking for size_t
configure:1665: checking for st_blksize in struct stat
configure:1678: gcc -c -g -O2  conftest.c 1>&5
configure:1699: checking for st_blocks in struct stat
configure:1712: gcc -c -g -O2  conftest.c 1>&5
configure:1735: checking for st_rdev in struct stat
configure:1748: gcc -c -g -O2  conftest.c 1>&5
configure:1769: checking whether struct tm is in sys/time.h or time.h
configure:1782: gcc -c -g -O2  conftest.c 1>&5
configure:1804: checking whether setvbuf arguments are reversed
configure:1837: gcc -o conftest -g -O2   conftest.c -lbsd  1>&5
configure: In function `main':
configure:1829: warning: passing arg 2 of `setvbuf' makes pointer from integer without a cast
configure:1829: warning: passing arg 3 of `setvbuf' makes integer from pointer without a cast
configure: failed program was:
#line 1812 "configure"
#include "confdefs.h"
#include <stdio.h>
/* If setvbuf has the reversed format, exit 0. */
main () {
#if defined (__amigaos__) || defined (__BEOS__)
  /* AmigaOS is a non-reversed system.  Instead of the test program
     getting a segfault (no memory protection), it causes enforcer hits
     or other nastiness, so don't run the test program, just exit with
     status 1 to indicate that it is non-reversed.
     BeOS is also a non reversed system but the test fails to work
     correctly for reasons not yet determined.  Just fake it here.
     -fnf */
  exit(1);
#else
  /* This call has the arguments reversed.
     A reversed system may check and see that the address of main
     is not _IOLBF, _IONBF, or _IOFBF, and return nonzero.  */
  if (setvbuf(stdout, _IOLBF, (char *) main, BUFSIZ) != 0)
    exit(1);
  putc('\r', stdout);
  exit(0);			/* Non-reversed systems segv here.  */
#endif	/* AmigaOS || BeOS */
}
configure:1861: checking return type of signal handlers
configure:1883: gcc -c -g -O2  conftest.c 1>&5
configure:1902: checking whether utime accepts a null argument
configure:1923: gcc -o conftest -g -O2   conftest.c -lbsd  1>&5
configure:1947: checking for vprintf
configure:1975: gcc -o conftest -g -O2   conftest.c -lbsd  1>&5
configure:2054: checking for ftime
configure:2082: gcc -o conftest -g -O2   conftest.c -lbsd  1>&5
configure:2054: checking for mkdir
configure:2082: gcc -o conftest -g -O2   conftest.c -lbsd  1>&5
configure:2054: checking for rmdir
configure:2082: gcc -o conftest -g -O2   conftest.c -lbsd  1>&5
